{"numFailedTestSuites":6,"numFailedTests":14,"numPassedTestSuites":21,"numPassedTests":80,"numPendingTestSuites":0,"numPendingTests":0,"numRuntimeErrorTestSuites":0,"numTodoTests":0,"numTotalTestSuites":27,"numTotalTests":94,"openHandles":[],"snapshot":{"added":0,"didUpdate":false,"failure":false,"filesAdded":0,"filesRemoved":0,"filesRemovedList":[],"filesUnmatched":0,"filesUpdated":0,"matched":0,"total":0,"unchecked":0,"uncheckedKeysByFile":[],"unmatched":0,"updated":0},"startTime":1776686381572,"success":false,"testResults":[{"assertionResults":[{"ancestorTitles":["Warehouses Routes"],"duration":104,"failing":false,"failureDetails":[],"failureMessages":[],"fullName":"Warehouses Routes GET /api/warehouses returns a list (may or may not have seeded data)","invocations":1,"location":null,"numPassingAsserts":2,"retryReasons":[],"startAt":1776686383931,"status":"passed","title":"GET /api/warehouses returns a list (may or may not have seeded data)"},{"ancestorTitles":["Warehouses Routes"],"duration":35,"failing":false,"failureDetails":[],"failureMessages":[],"fullName":"Warehouses Routes POST /api/warehouses creates a warehouse","invocations":1,"location":null,"numPassingAsserts":2,"retryReasons":[],"startAt":1776686384036,"status":"passed","title":"POST /api/warehouses creates a warehouse"},{"ancestorTitles":["Warehouses Routes"],"duration":11,"failing":false,"failureDetails":[],"failureMessages":[],"fullName":"Warehouses Routes POST /api/warehouses creates a second warehouse","invocations":1,"location":null,"numPassingAsserts":2,"retryReasons":[],"startAt":1776686384071,"status":"passed","title":"POST /api/warehouses creates a second warehouse"},{"ancestorTitles":["Warehouses Routes"],"duration":13,"failing":false,"failureDetails":[],"failureMessages":[],"fullName":"Warehouses Routes GET /api/warehouses shows all warehouses","invocations":1,"location":null,"numPassingAsserts":2,"retryReasons":[],"startAt":1776686384083,"status":"passed","title":"GET /api/warehouses shows all warehouses"}],"endTime":1776686384098,"message":"","name":"C:\\Users\\M7mod Hegazy\\Desktop\\asd\\django\\Retailer\\server\\tests\\warehouses.test.js","startTime":1776686382253,"status":"passed","summary":""},{"assertionResults":[{"ancestorTitles":["Cheques Routes"],"duration":94,"failing":false,"failureDetails":[],"failureMessages":[],"fullName":"Cheques Routes GET /api/cheques returns empty list","invocations":1,"location":null,"numPassingAsserts":2,"retryReasons":[],"startAt":1776686384017,"status":"passed","title":"GET /api/cheques returns empty list"},{"ancestorTitles":["Cheques Routes"],"duration":34,"failing":false,"failureDetails":[{"matcherResult":{"actual":500,"expected":201,"message":"\u001b[2mexpect(\u001b[22m\u001b[31mreceived\u001b[39m\u001b[2m).\u001b[22mtoBe\u001b[2m(\u001b[22m\u001b[32mexpected\u001b[39m\u001b[2m) // Object.is equality\u001b[22m\n\nExpected: \u001b[32m201\u001b[39m\nReceived: \u001b[31m500\u001b[39m","name":"toBe","pass":false}}],"failureMessages":["Error: \u001b[2mexpect(\u001b[22m\u001b[31mreceived\u001b[39m\u001b[2m).\u001b[22mtoBe\u001b[2m(\u001b[22m\u001b[32mexpected\u001b[39m\u001b[2m) // Object.is equality\u001b[22m\n\nExpected: \u001b[32m201\u001b[39m\nReceived: \u001b[31m500\u001b[39m\n    at Object.toBe (C:\\Users\\M7mod Hegazy\\Desktop\\asd\\django\\Retailer\\server\\tests\\cheques.test.js:30:24)\n    at processTicksAndRejections (node:internal/process/task_queues:105:5)"],"fullName":"Cheques Routes POST /api/cheques creates a cheque","invocations":1,"location":null,"numPassingAsserts":0,"retryReasons":[],"startAt":1776686384114,"status":"failed","title":"POST /api/cheques creates a cheque"},{"ancestorTitles":["Cheques Routes"],"duration":18,"failing":false,"failureDetails":[{"matcherResult":{"actual":404,"expected":200,"message":"\u001b[2mexpect(\u001b[22m\u001b[31mreceived\u001b[39m\u001b[2m).\u001b[22mtoBe\u001b[2m(\u001b[22m\u001b[32mexpected\u001b[39m\u001b[2m) // Object.is equality\u001b[22m\n\nExpected: \u001b[32m200\u001b[39m\nReceived: \u001b[31m404\u001b[39m","name":"toBe","pass":false}}],"failureMessages":["Error: \u001b[2mexpect(\u001b[22m\u001b[31mreceived\u001b[39m\u001b[2m).\u001b[22mtoBe\u001b[2m(\u001b[22m\u001b[32mexpected\u001b[39m\u001b[2m) // Object.is equality\u001b[22m\n\nExpected: \u001b[32m200\u001b[39m\nReceived: \u001b[31m404\u001b[39m\n    at Object.toBe (C:\\Users\\M7mod Hegazy\\Desktop\\asd\\django\\Retailer\\server\\tests\\cheques.test.js:39:24)\n    at processTicksAndRejections (node:internal/process/task_queues:105:5)"],"fullName":"Cheques Routes PATCH /api/cheques/:id/status updates cheque status to cleared","invocations":1,"location":null,"numPassingAsserts":0,"retryReasons":[],"startAt":1776686384148,"status":"failed","title":"PATCH /api/cheques/:id/status updates cheque status to cleared"},{"ancestorTitles":["Cheques Routes"],"duration":13,"failing":false,"failureDetails":[{"matcherResult":{"actual":false,"expected":true,"message":"\u001b[2mexpect(\u001b[22m\u001b[31mreceived\u001b[39m\u001b[2m).\u001b[22mtoBe\u001b[2m(\u001b[22m\u001b[32mexpected\u001b[39m\u001b[2m) // Object.is equality\u001b[22m\n\nExpected: \u001b[32mtrue\u001b[39m\nReceived: \u001b[31mfalse\u001b[39m","name":"toBe","pass":false}}],"failureMessages":["Error: \u001b[2mexpect(\u001b[22m\u001b[31mreceived\u001b[39m\u001b[2m).\u001b[22mtoBe\u001b[2m(\u001b[22m\u001b[32mexpected\u001b[39m\u001b[2m) // Object.is equality\u001b[22m\n\nExpected: \u001b[32mtrue\u001b[39m\nReceived: \u001b[31mfalse\u001b[39m\n    at Object.toBe (C:\\Users\\M7mod Hegazy\\Desktop\\asd\\django\\Retailer\\server\\tests\\cheques.test.js:45:56)\n    at processTicksAndRejections (node:internal/process/task_queues:105:5)"],"fullName":"Cheques Routes GET /api/cheques returns the cheque","invocations":1,"location":null,"numPassingAsserts":0,"retryReasons":[],"startAt":1776686384166,"status":"failed","title":"GET /api/cheques returns the cheque"}],"endTime":1776686384212,"message":"\u001b[1m\u001b[31m  \u001b[1m● \u001b[22m\u001b[1mCheques Routes › POST /api/cheques creates a cheque\u001b[39m\u001b[22m\n\n    \u001b[2mexpect(\u001b[22m\u001b[31mreceived\u001b[39m\u001b[2m).\u001b[22mtoBe\u001b[2m(\u001b[22m\u001b[32mexpected\u001b[39m\u001b[2m) // Object.is equality\u001b[22m\n\n    Expected: \u001b[32m201\u001b[39m\n    Received: \u001b[31m500\u001b[39m\n\u001b[2m\u001b[22m\n\u001b[2m    \u001b[0m \u001b[90m 28 |\u001b[39m       \u001b[33m.\u001b[39mpost(\u001b[32m\"/api/cheques\"\u001b[39m)\u001b[22m\n\u001b[2m     \u001b[90m 29 |\u001b[39m       \u001b[33m.\u001b[39msend({ cheque_no\u001b[33m:\u001b[39m \u001b[32m\"CHQ-001\"\u001b[39m\u001b[33m,\u001b[39m bank_name\u001b[33m:\u001b[39m \u001b[32m\"بنك الراجحي\"\u001b[39m\u001b[33m,\u001b[39m due_date\u001b[33m:\u001b[39m \u001b[32m\"2026-05-01\"\u001b[39m })\u001b[33m;\u001b[39m\u001b[22m\n\u001b[2m    \u001b[31m\u001b[1m>\u001b[22m\u001b[2m\u001b[39m\u001b[90m 30 |\u001b[39m     expect(res\u001b[33m.\u001b[39mstatus)\u001b[33m.\u001b[39mtoBe(\u001b[35m201\u001b[39m)\u001b[33m;\u001b[39m\u001b[22m\n\u001b[2m     \u001b[90m    |\u001b[39m                        \u001b[31m\u001b[1m^\u001b[22m\u001b[2m\u001b[39m\u001b[22m\n\u001b[2m     \u001b[90m 31 |\u001b[39m     expect(res\u001b[33m.\u001b[39mbody\u001b[33m.\u001b[39mdata\u001b[33m.\u001b[39mcheque_no)\u001b[33m.\u001b[39mtoBe(\u001b[32m\"CHQ-001\"\u001b[39m)\u001b[33m;\u001b[39m\u001b[22m\n\u001b[2m     \u001b[90m 32 |\u001b[39m     chequeId \u001b[33m=\u001b[39m res\u001b[33m.\u001b[39mbody\u001b[33m.\u001b[39mdata\u001b[33m.\u001b[39mid\u001b[33m;\u001b[39m\u001b[22m\n\u001b[2m     \u001b[90m 33 |\u001b[39m   })\u001b[33m;\u001b[39m\u001b[0m\u001b[22m\n\u001b[2m\u001b[22m\n\u001b[2m      \u001b[2mat Object.toBe (\u001b[22m\u001b[2m\u001b[0m\u001b[36mtests/cheques.test.js\u001b[39m\u001b[0m\u001b[2m:30:24)\u001b[22m\u001b[2m\u001b[22m\n\n\u001b[1m\u001b[31m  \u001b[1m● \u001b[22m\u001b[1mCheques Routes › PATCH /api/cheques/:id/status updates cheque status to cleared\u001b[39m\u001b[22m\n\n    \u001b[2mexpect(\u001b[22m\u001b[31mreceived\u001b[39m\u001b[2m).\u001b[22mtoBe\u001b[2m(\u001b[22m\u001b[32mexpected\u001b[39m\u001b[2m) // Object.is equality\u001b[22m\n\n    Expected: \u001b[32m200\u001b[39m\n    Received: \u001b[31m404\u001b[39m\n\u001b[2m\u001b[22m\n\u001b[2m    \u001b[0m \u001b[90m 37 |\u001b[39m       \u001b[33m.\u001b[39mpatch(\u001b[32m`/api/cheques/${chequeId}/status`\u001b[39m)\u001b[22m\n\u001b[2m     \u001b[90m 38 |\u001b[39m       \u001b[33m.\u001b[39msend({ status\u001b[33m:\u001b[39m \u001b[32m\"cleared\"\u001b[39m })\u001b[33m;\u001b[39m\u001b[22m\n\u001b[2m    \u001b[31m\u001b[1m>\u001b[22m\u001b[2m\u001b[39m\u001b[90m 39 |\u001b[39m     expect(res\u001b[33m.\u001b[39mstatus)\u001b[33m.\u001b[39mtoBe(\u001b[35m200\u001b[39m)\u001b[33m;\u001b[39m\u001b[22m\n\u001b[2m     \u001b[90m    |\u001b[39m                        \u001b[31m\u001b[1m^\u001b[22m\u001b[2m\u001b[39m\u001b[22m\n\u001b[2m     \u001b[90m 40 |\u001b[39m     expect(res\u001b[33m.\u001b[39mbody\u001b[33m.\u001b[39mdata\u001b[33m.\u001b[39mstatus)\u001b[33m.\u001b[39mtoBe(\u001b[32m\"cleared\"\u001b[39m)\u001b[33m;\u001b[39m\u001b[22m\n\u001b[2m     \u001b[90m 41 |\u001b[39m   })\u001b[33m;\u001b[39m\u001b[22m\n\u001b[2m     \u001b[90m 42 |\u001b[39m\u001b[0m\u001b[22m\n\u001b[2m\u001b[22m\n\u001b[2m      \u001b[2mat Object.toBe (\u001b[22m\u001b[2m\u001b[0m\u001b[36mtests/cheques.test.js\u001b[39m\u001b[0m\u001b[2m:39:24)\u001b[22m\u001b[2m\u001b[22m\n\n\u001b[1m\u001b[31m  \u001b[1m● \u001b[22m\u001b[1mCheques Routes › GET /api/cheques returns the cheque\u001b[39m\u001b[22m\n\n    \u001b[2mexpect(\u001b[22m\u001b[31mreceived\u001b[39m\u001b[2m).\u001b[22mtoBe\u001b[2m(\u001b[22m\u001b[32mexpected\u001b[39m\u001b[2m) // Object.is equality\u001b[22m\n\n    Expected: \u001b[32mtrue\u001b[39m\n    Received: \u001b[31mfalse\u001b[39m\n\u001b[2m\u001b[22m\n\u001b[2m    \u001b[0m \u001b[90m 43 |\u001b[39m   it(\u001b[32m\"GET /api/cheques returns the cheque\"\u001b[39m\u001b[33m,\u001b[39m \u001b[36masync\u001b[39m () \u001b[33m=>\u001b[39m {\u001b[22m\n\u001b[2m     \u001b[90m 44 |\u001b[39m     \u001b[36mconst\u001b[39m res \u001b[33m=\u001b[39m \u001b[36mawait\u001b[39m request(app)\u001b[33m.\u001b[39m\u001b[36mget\u001b[39m(\u001b[32m\"/api/cheques\"\u001b[39m)\u001b[33m;\u001b[39m\u001b[22m\n\u001b[2m    \u001b[31m\u001b[1m>\u001b[22m\u001b[2m\u001b[39m\u001b[90m 45 |\u001b[39m     expect(res\u001b[33m.\u001b[39mbody\u001b[33m.\u001b[39mdata\u001b[33m.\u001b[39msome(c \u001b[33m=>\u001b[39m c\u001b[33m.\u001b[39mid \u001b[33m===\u001b[39m chequeId))\u001b[33m.\u001b[39mtoBe(\u001b[36mtrue\u001b[39m)\u001b[33m;\u001b[39m\u001b[22m\n\u001b[2m     \u001b[90m    |\u001b[39m                                                        \u001b[31m\u001b[1m^\u001b[22m\u001b[2m\u001b[39m\u001b[22m\n\u001b[2m     \u001b[90m 46 |\u001b[39m   })\u001b[33m;\u001b[39m\u001b[22m\n\u001b[2m     \u001b[90m 47 |\u001b[39m })\u001b[33m;\u001b[39m\u001b[22m\n\u001b[2m     \u001b[90m 48 |\u001b[39m\u001b[0m\u001b[22m\n\u001b[2m\u001b[22m\n\u001b[2m      \u001b[2mat Object.toBe (\u001b[22m\u001b[2m\u001b[0m\u001b[36mtests/cheques.test.js\u001b[39m\u001b[0m\u001b[2m:45:56)\u001b[22m\u001b[2m\u001b[22m\n","name":"C:\\Users\\M7mod Hegazy\\Desktop\\asd\\django\\Retailer\\server\\tests\\cheques.test.js","startTime":1776686382242,"status":"failed","summary":""},{"assertionResults":[{"ancestorTitles":["items duplicate barcode"],"duration":285,"failing":false,"failureDetails":[],"failureMessages":[],"fullName":"items duplicate barcode rejects duplicate barcode","invocations":1,"location":null,"numPassingAsserts":1,"retryReasons":[],"startAt":1776686383691,"status":"passed","title":"rejects duplicate barcode"},{"ancestorTitles":["items duplicate barcode"],"duration":167,"failing":false,"failureDetails":[],"failureMessages":[],"fullName":"items duplicate barcode imports valid rows and rejects invalid rows","invocations":1,"location":null,"numPassingAsserts":4,"retryReasons":[],"startAt":1776686383981,"status":"passed","title":"imports valid rows and rejects invalid rows"},{"ancestorTitles":["items duplicate barcode"],"duration":97,"failing":false,"failureDetails":[],"failureMessages":[],"fullName":"items duplicate barcode import endpoint requires rows","invocations":1,"location":null,"numPassingAsserts":2,"retryReasons":[],"startAt":1776686384149,"status":"passed","title":"import endpoint requires rows"}],"endTime":1776686384248,"message":"","name":"C:\\Users\\M7mod Hegazy\\Desktop\\asd\\django\\Retailer\\server\\tests\\items.test.js","startTime":1776686382210,"status":"passed","summary":""},{"assertionResults":[{"ancestorTitles":["Employees Routes"],"duration":86,"failing":false,"failureDetails":[],"failureMessages":[],"fullName":"Employees Routes GET /api/employees returns empty list","invocations":1,"location":null,"numPassingAsserts":2,"retryReasons":[],"startAt":1776686384048,"status":"passed","title":"GET /api/employees returns empty list"},{"ancestorTitles":["Employees Routes"],"duration":50,"failing":false,"failureDetails":[],"failureMessages":[],"fullName":"Employees Routes POST /api/employees creates an employee","invocations":1,"location":null,"numPassingAsserts":2,"retryReasons":[],"startAt":1776686384134,"status":"passed","title":"POST /api/employees creates an employee"},{"ancestorTitles":["Employees Routes"],"duration":5,"failing":false,"failureDetails":[],"failureMessages":[],"fullName":"Employees Routes GET /api/employees returns the new employee","invocations":1,"location":null,"numPassingAsserts":1,"retryReasons":[],"startAt":1776686384184,"status":"passed","title":"GET /api/employees returns the new employee"},{"ancestorTitles":["Employees Routes"],"duration":12,"failing":false,"failureDetails":[{"matcherResult":{"actual":404,"expected":200,"message":"\u001b[2mexpect(\u001b[22m\u001b[31mreceived\u001b[39m\u001b[2m).\u001b[22mtoBe\u001b[2m(\u001b[22m\u001b[32mexpected\u001b[39m\u001b[2m) // Object.is equality\u001b[22m\n\nExpected: \u001b[32m200\u001b[39m\nReceived: \u001b[31m404\u001b[39m","name":"toBe","pass":false}}],"failureMessages":["Error: \u001b[2mexpect(\u001b[22m\u001b[31mreceived\u001b[39m\u001b[2m).\u001b[22mtoBe\u001b[2m(\u001b[22m\u001b[32mexpected\u001b[39m\u001b[2m) // Object.is equality\u001b[22m\n\nExpected: \u001b[32m200\u001b[39m\nReceived: \u001b[31m404\u001b[39m\n    at Object.toBe (C:\\Users\\M7mod Hegazy\\Desktop\\asd\\django\\Retailer\\server\\tests\\employees.test.js:44:24)\n    at processTicksAndRejections (node:internal/process/task_queues:105:5)"],"fullName":"Employees Routes PUT /api/employees/:id updates the employee","invocations":1,"location":null,"numPassingAsserts":0,"retryReasons":[],"startAt":1776686384189,"status":"failed","title":"PUT /api/employees/:id updates the employee"}],"endTime":1776686384221,"message":"\u001b[1m\u001b[31m  \u001b[1m● \u001b[22m\u001b[1mEmployees Routes › PUT /api/employees/:id updates the employee\u001b[39m\u001b[22m\n\n    \u001b[2mexpect(\u001b[22m\u001b[31mreceived\u001b[39m\u001b[2m).\u001b[22mtoBe\u001b[2m(\u001b[22m\u001b[32mexpected\u001b[39m\u001b[2m) // Object.is equality\u001b[22m\n\n    Expected: \u001b[32m200\u001b[39m\n    Received: \u001b[31m404\u001b[39m\n\u001b[2m\u001b[22m\n\u001b[2m    \u001b[0m \u001b[90m 42 |\u001b[39m       \u001b[33m.\u001b[39mput(\u001b[32m`/api/employees/${empId}`\u001b[39m)\u001b[22m\n\u001b[2m     \u001b[90m 43 |\u001b[39m       \u001b[33m.\u001b[39msend({ name\u001b[33m:\u001b[39m \u001b[32m\"خالد عبدالله\"\u001b[39m\u001b[33m,\u001b[39m phone\u001b[33m:\u001b[39m \u001b[32m\"0551234567\"\u001b[39m\u001b[33m,\u001b[39m job_title\u001b[33m:\u001b[39m \u001b[32m\"مشرف\"\u001b[39m\u001b[33m,\u001b[39m salary\u001b[33m:\u001b[39m \u001b[35m2500\u001b[39m })\u001b[33m;\u001b[39m\u001b[22m\n\u001b[2m    \u001b[31m\u001b[1m>\u001b[22m\u001b[2m\u001b[39m\u001b[90m 44 |\u001b[39m     expect(res\u001b[33m.\u001b[39mstatus)\u001b[33m.\u001b[39mtoBe(\u001b[35m200\u001b[39m)\u001b[33m;\u001b[39m\u001b[22m\n\u001b[2m     \u001b[90m    |\u001b[39m                        \u001b[31m\u001b[1m^\u001b[22m\u001b[2m\u001b[39m\u001b[22m\n\u001b[2m     \u001b[90m 45 |\u001b[39m     expect(res\u001b[33m.\u001b[39mbody\u001b[33m.\u001b[39mdata\u001b[33m.\u001b[39mjob_title)\u001b[33m.\u001b[39mtoBe(\u001b[32m\"مشرف\"\u001b[39m)\u001b[33m;\u001b[39m\u001b[22m\n\u001b[2m     \u001b[90m 46 |\u001b[39m   })\u001b[33m;\u001b[39m\u001b[22m\n\u001b[2m     \u001b[90m 47 |\u001b[39m })\u001b[33m;\u001b[39m\u001b[0m\u001b[22m\n\u001b[2m\u001b[22m\n\u001b[2m      \u001b[2mat Object.toBe (\u001b[22m\u001b[2m\u001b[0m\u001b[36mtests/employees.test.js\u001b[39m\u001b[0m\u001b[2m:44:24)\u001b[22m\u001b[2m\u001b[22m\n","name":"C:\\Users\\M7mod Hegazy\\Desktop\\asd\\django\\Retailer\\server\\tests\\employees.test.js","startTime":1776686382196,"status":"failed","summary":""},{"assertionResults":[{"ancestorTitles":["Auth Routes"],"duration":116,"failing":false,"failureDetails":[],"failureMessages":[],"fullName":"Auth Routes rejects login when credentials are missing","invocations":1,"location":null,"numPassingAsserts":2,"retryReasons":[],"startAt":1776686383983,"status":"passed","title":"rejects login when credentials are missing"},{"ancestorTitles":["Auth Routes"],"duration":16,"failing":false,"failureDetails":[],"failureMessages":[],"fullName":"Auth Routes should fail to login with non-existent user","invocations":1,"location":null,"numPassingAsserts":3,"retryReasons":[],"startAt":1776686384101,"status":"passed","title":"should fail to login with non-existent user"},{"ancestorTitles":["Auth Routes"],"duration":8,"failing":false,"failureDetails":[],"failureMessages":[],"fullName":"Auth Routes should have rate limiting configured","invocations":1,"location":null,"numPassingAsserts":2,"retryReasons":[],"startAt":1776686384117,"status":"passed","title":"should have rate limiting configured"},{"ancestorTitles":["Auth Routes"],"duration":72,"failing":false,"failureDetails":[],"failureMessages":[],"fullName":"Auth Routes locks account after repeated failed attempts","invocations":1,"location":null,"numPassingAsserts":2,"retryReasons":[],"startAt":1776686384125,"status":"passed","title":"locks account after repeated failed attempts"},{"ancestorTitles":["Auth Routes"],"duration":55,"failing":false,"failureDetails":[],"failureMessages":[],"fullName":"Auth Routes unlock endpoint clears lock for specific username","invocations":1,"location":null,"numPassingAsserts":4,"retryReasons":[],"startAt":1776686384197,"status":"passed","title":"unlock endpoint clears lock for specific username"}],"endTime":1776686384254,"message":"","name":"C:\\Users\\M7mod Hegazy\\Desktop\\asd\\django\\Retailer\\server\\tests\\auth.test.js","startTime":1776686382325,"status":"passed","summary":""},{"assertionResults":[{"ancestorTitles":["Purchase Orders Routes"],"duration":75,"failing":false,"failureDetails":[],"failureMessages":[],"fullName":"Purchase Orders Routes GET /api/purchase-orders returns empty list","invocations":1,"location":null,"numPassingAsserts":2,"retryReasons":[],"startAt":1776686384146,"status":"passed","title":"GET /api/purchase-orders returns empty list"},{"ancestorTitles":["Purchase Orders Routes"],"duration":20,"failing":false,"failureDetails":[],"failureMessages":[],"fullName":"Purchase Orders Routes POST /api/purchase-orders creates a PO","invocations":1,"location":null,"numPassingAsserts":2,"retryReasons":[],"startAt":1776686384221,"status":"passed","title":"POST /api/purchase-orders creates a PO"},{"ancestorTitles":["Purchase Orders Routes"],"duration":30,"failing":false,"failureDetails":[{"matcherResult":{"actual":404,"expected":200,"message":"\u001b[2mexpect(\u001b[22m\u001b[31mreceived\u001b[39m\u001b[2m).\u001b[22mtoBe\u001b[2m(\u001b[22m\u001b[32mexpected\u001b[39m\u001b[2m) // Object.is equality\u001b[22m\n\nExpected: \u001b[32m200\u001b[39m\nReceived: \u001b[31m404\u001b[39m","name":"toBe","pass":false}}],"failureMessages":["Error: \u001b[2mexpect(\u001b[22m\u001b[31mreceived\u001b[39m\u001b[2m).\u001b[22mtoBe\u001b[2m(\u001b[22m\u001b[32mexpected\u001b[39m\u001b[2m) // Object.is equality\u001b[22m\n\nExpected: \u001b[32m200\u001b[39m\nReceived: \u001b[31m404\u001b[39m\n    at Object.toBe (C:\\Users\\M7mod Hegazy\\Desktop\\asd\\django\\Retailer\\server\\tests\\purchaseOrders.test.js:50:24)\n    at processTicksAndRejections (node:internal/process/task_queues:105:5)"],"fullName":"Purchase Orders Routes PATCH /api/purchase-orders/:id/approve approves the PO","invocations":1,"location":null,"numPassingAsserts":0,"retryReasons":[],"startAt":1776686384241,"status":"failed","title":"PATCH /api/purchase-orders/:id/approve approves the PO"},{"ancestorTitles":["Purchase Orders Routes"],"duration":9,"failing":false,"failureDetails":[{"matcherResult":{"actual":404,"expected":200,"message":"\u001b[2mexpect(\u001b[22m\u001b[31mreceived\u001b[39m\u001b[2m).\u001b[22mtoBe\u001b[2m(\u001b[22m\u001b[32mexpected\u001b[39m\u001b[2m) // Object.is equality\u001b[22m\n\nExpected: \u001b[32m200\u001b[39m\nReceived: \u001b[31m404\u001b[39m","name":"toBe","pass":false}}],"failureMessages":["Error: \u001b[2mexpect(\u001b[22m\u001b[31mreceived\u001b[39m\u001b[2m).\u001b[22mtoBe\u001b[2m(\u001b[22m\u001b[32mexpected\u001b[39m\u001b[2m) // Object.is equality\u001b[22m\n\nExpected: \u001b[32m200\u001b[39m\nReceived: \u001b[31m404\u001b[39m\n    at Object.toBe (C:\\Users\\M7mod Hegazy\\Desktop\\asd\\django\\Retailer\\server\\tests\\purchaseOrders.test.js:58:24)\n    at processTicksAndRejections (node:internal/process/task_queues:105:5)"],"fullName":"Purchase Orders Routes PATCH /api/purchase-orders/:id/receive receives the PO and creates a purchase","invocations":1,"location":null,"numPassingAsserts":0,"retryReasons":[],"startAt":1776686384275,"status":"failed","title":"PATCH /api/purchase-orders/:id/receive receives the PO and creates a purchase"}],"endTime":1776686384314,"message":"\u001b[1m\u001b[31m  \u001b[1m● \u001b[22m\u001b[1mPurchase Orders Routes › PATCH /api/purchase-orders/:id/approve approves the PO\u001b[39m\u001b[22m\n\n    \u001b[2mexpect(\u001b[22m\u001b[31mreceived\u001b[39m\u001b[2m).\u001b[22mtoBe\u001b[2m(\u001b[22m\u001b[32mexpected\u001b[39m\u001b[2m) // Object.is equality\u001b[22m\n\n    Expected: \u001b[32m200\u001b[39m\n    Received: \u001b[31m404\u001b[39m\n\u001b[2m\u001b[22m\n\u001b[2m    \u001b[0m \u001b[90m 48 |\u001b[39m   it(\u001b[32m\"PATCH /api/purchase-orders/:id/approve approves the PO\"\u001b[39m\u001b[33m,\u001b[39m \u001b[36masync\u001b[39m () \u001b[33m=>\u001b[39m {\u001b[22m\n\u001b[2m     \u001b[90m 49 |\u001b[39m     \u001b[36mconst\u001b[39m res \u001b[33m=\u001b[39m \u001b[36mawait\u001b[39m request(app)\u001b[33m.\u001b[39mpatch(\u001b[32m`/api/purchase-orders/${poId}/approve`\u001b[39m)\u001b[33m;\u001b[39m\u001b[22m\n\u001b[2m    \u001b[31m\u001b[1m>\u001b[22m\u001b[2m\u001b[39m\u001b[90m 50 |\u001b[39m     expect(res\u001b[33m.\u001b[39mstatus)\u001b[33m.\u001b[39mtoBe(\u001b[35m200\u001b[39m)\u001b[33m;\u001b[39m\u001b[22m\n\u001b[2m     \u001b[90m    |\u001b[39m                        \u001b[31m\u001b[1m^\u001b[22m\u001b[2m\u001b[39m\u001b[22m\n\u001b[2m     \u001b[90m 51 |\u001b[39m     expect(res\u001b[33m.\u001b[39mbody\u001b[33m.\u001b[39mdata\u001b[33m.\u001b[39mstatus)\u001b[33m.\u001b[39mtoBe(\u001b[32m\"approved\"\u001b[39m)\u001b[33m;\u001b[39m\u001b[22m\n\u001b[2m     \u001b[90m 52 |\u001b[39m   })\u001b[33m;\u001b[39m\u001b[22m\n\u001b[2m     \u001b[90m 53 |\u001b[39m\u001b[0m\u001b[22m\n\u001b[2m\u001b[22m\n\u001b[2m      \u001b[2mat Object.toBe (\u001b[22m\u001b[2m\u001b[0m\u001b[36mtests/purchaseOrders.test.js\u001b[39m\u001b[0m\u001b[2m:50:24)\u001b[22m\u001b[2m\u001b[22m\n\n\u001b[1m\u001b[31m  \u001b[1m● \u001b[22m\u001b[1mPurchase Orders Routes › PATCH /api/purchase-orders/:id/receive receives the PO and creates a purchase\u001b[39m\u001b[22m\n\n    \u001b[2mexpect(\u001b[22m\u001b[31mreceived\u001b[39m\u001b[2m).\u001b[22mtoBe\u001b[2m(\u001b[22m\u001b[32mexpected\u001b[39m\u001b[2m) // Object.is equality\u001b[22m\n\n    Expected: \u001b[32m200\u001b[39m\n    Received: \u001b[31m404\u001b[39m\n\u001b[2m\u001b[22m\n\u001b[2m    \u001b[0m \u001b[90m 56 |\u001b[39m       \u001b[33m.\u001b[39mpatch(\u001b[32m`/api/purchase-orders/${poId}/receive`\u001b[39m)\u001b[22m\n\u001b[2m     \u001b[90m 57 |\u001b[39m       \u001b[33m.\u001b[39msend({ warehouse_id\u001b[33m:\u001b[39m \u001b[35m1\u001b[39m })\u001b[33m;\u001b[39m\u001b[22m\n\u001b[2m    \u001b[31m\u001b[1m>\u001b[22m\u001b[2m\u001b[39m\u001b[90m 58 |\u001b[39m     expect(res\u001b[33m.\u001b[39mstatus)\u001b[33m.\u001b[39mtoBe(\u001b[35m200\u001b[39m)\u001b[33m;\u001b[39m\u001b[22m\n\u001b[2m     \u001b[90m    |\u001b[39m                        \u001b[31m\u001b[1m^\u001b[22m\u001b[2m\u001b[39m\u001b[22m\n\u001b[2m     \u001b[90m 59 |\u001b[39m     expect(res\u001b[33m.\u001b[39mbody\u001b[33m.\u001b[39mdata\u001b[33m.\u001b[39mstatus)\u001b[33m.\u001b[39mtoBe(\u001b[32m\"received\"\u001b[39m)\u001b[33m;\u001b[39m\u001b[22m\n\u001b[2m     \u001b[90m 60 |\u001b[39m   })\u001b[33m;\u001b[39m\u001b[22m\n\u001b[2m     \u001b[90m 61 |\u001b[39m })\u001b[33m;\u001b[39m\u001b[0m\u001b[22m\n\u001b[2m\u001b[22m\n\u001b[2m      \u001b[2mat Object.toBe (\u001b[22m\u001b[2m\u001b[0m\u001b[36mtests/purchaseOrders.test.js\u001b[39m\u001b[0m\u001b[2m:58:24)\u001b[22m\u001b[2m\u001b[22m\n","name":"C:\\Users\\M7mod Hegazy\\Desktop\\asd\\django\\Retailer\\server\\tests\\purchaseOrders.test.js","startTime":1776686382178,"status":"failed","summary":""},{"assertionResults":[{"ancestorTitles":["Installments Routes"],"duration":80,"failing":false,"failureDetails":[{"matcherResult":{"expected":100,"message":"\u001b[2mexpect(\u001b[22m\u001b[31mreceived\u001b[39m\u001b[2m).\u001b[22mtoBe\u001b[2m(\u001b[22m\u001b[32mexpected\u001b[39m\u001b[2m) // Object.is equality\u001b[22m\n\nExpected: \u001b[32m100\u001b[39m\nReceived: \u001b[31mundefined\u001b[39m","name":"toBe","pass":false}}],"failureMessages":["Error: \u001b[2mexpect(\u001b[22m\u001b[31mreceived\u001b[39m\u001b[2m).\u001b[22mtoBe\u001b[2m(\u001b[22m\u001b[32mexpected\u001b[39m\u001b[2m) // Object.is equality\u001b[22m\n\nExpected: \u001b[32m100\u001b[39m\nReceived: \u001b[31mundefined\u001b[39m\n    at Object.toBe (C:\\Users\\M7mod Hegazy\\Desktop\\asd\\django\\Retailer\\server\\tests\\installments.test.js:41:46)\n    at processTicksAndRejections (node:internal/process/task_queues:105:5)"],"fullName":"Installments Routes POST /api/installments creates an installment","invocations":1,"location":null,"numPassingAsserts":1,"retryReasons":[],"startAt":1776686384146,"status":"failed","title":"POST /api/installments creates an installment"},{"ancestorTitles":["Installments Routes"],"duration":24,"failing":false,"failureDetails":[{"matcherResult":{"actual":404,"expected":200,"message":"\u001b[2mexpect(\u001b[22m\u001b[31mreceived\u001b[39m\u001b[2m).\u001b[22mtoBe\u001b[2m(\u001b[22m\u001b[32mexpected\u001b[39m\u001b[2m) // Object.is equality\u001b[22m\n\nExpected: \u001b[32m200\u001b[39m\nReceived: \u001b[31m404\u001b[39m","name":"toBe","pass":false}}],"failureMessages":["Error: \u001b[2mexpect(\u001b[22m\u001b[31mreceived\u001b[39m\u001b[2m).\u001b[22mtoBe\u001b[2m(\u001b[22m\u001b[32mexpected\u001b[39m\u001b[2m) // Object.is equality\u001b[22m\n\nExpected: \u001b[32m200\u001b[39m\nReceived: \u001b[31m404\u001b[39m\n    at Object.toBe (C:\\Users\\M7mod Hegazy\\Desktop\\asd\\django\\Retailer\\server\\tests\\installments.test.js:47:24)\n    at processTicksAndRejections (node:internal/process/task_queues:105:5)"],"fullName":"Installments Routes GET /api/installments/:invoice_id lists installments","invocations":1,"location":null,"numPassingAsserts":0,"retryReasons":[],"startAt":1776686384227,"status":"failed","title":"GET /api/installments/:invoice_id lists installments"},{"ancestorTitles":["Installments Routes"],"duration":24,"failing":false,"failureDetails":[{"matcherResult":{"actual":404,"expected":200,"message":"\u001b[2mexpect(\u001b[22m\u001b[31mreceived\u001b[39m\u001b[2m).\u001b[22mtoBe\u001b[2m(\u001b[22m\u001b[32mexpected\u001b[39m\u001b[2m) // Object.is equality\u001b[22m\n\nExpected: \u001b[32m200\u001b[39m\nReceived: \u001b[31m404\u001b[39m","name":"toBe","pass":false}}],"failureMessages":["Error: \u001b[2mexpect(\u001b[22m\u001b[31mreceived\u001b[39m\u001b[2m).\u001b[22mtoBe\u001b[2m(\u001b[22m\u001b[32mexpected\u001b[39m\u001b[2m) // Object.is equality\u001b[22m\n\nExpected: \u001b[32m200\u001b[39m\nReceived: \u001b[31m404\u001b[39m\n    at Object.toBe (C:\\Users\\M7mod Hegazy\\Desktop\\asd\\django\\Retailer\\server\\tests\\installments.test.js:56:24)\n    at processTicksAndRejections (node:internal/process/task_queues:105:5)"],"fullName":"Installments Routes PATCH /api/installments/:id/pay marks installment paid","invocations":1,"location":null,"numPassingAsserts":0,"retryReasons":[],"startAt":1776686384251,"status":"failed","title":"PATCH /api/installments/:id/pay marks installment paid"}],"endTime":1776686384317,"message":"\u001b[1m\u001b[31m  \u001b[1m● \u001b[22m\u001b[1mInstallments Routes › POST /api/installments creates an installment\u001b[39m\u001b[22m\n\n    \u001b[2mexpect(\u001b[22m\u001b[31mreceived\u001b[39m\u001b[2m).\u001b[22mtoBe\u001b[2m(\u001b[22m\u001b[32mexpected\u001b[39m\u001b[2m) // Object.is equality\u001b[22m\n\n    Expected: \u001b[32m100\u001b[39m\n    Received: \u001b[31mundefined\u001b[39m\n\u001b[2m\u001b[22m\n\u001b[2m    \u001b[0m \u001b[90m 39 |\u001b[39m       })\u001b[33m;\u001b[39m\u001b[22m\n\u001b[2m     \u001b[90m 40 |\u001b[39m     expect(res\u001b[33m.\u001b[39mstatus)\u001b[33m.\u001b[39mtoBe(\u001b[35m201\u001b[39m)\u001b[33m;\u001b[39m\u001b[22m\n\u001b[2m    \u001b[31m\u001b[1m>\u001b[22m\u001b[2m\u001b[39m\u001b[90m 41 |\u001b[39m     expect(res\u001b[33m.\u001b[39mbody\u001b[33m.\u001b[39mdata\u001b[33m.\u001b[39minstallment_amount)\u001b[33m.\u001b[39mtoBe(\u001b[35m100\u001b[39m)\u001b[33m;\u001b[39m\u001b[22m\n\u001b[2m     \u001b[90m    |\u001b[39m                                              \u001b[31m\u001b[1m^\u001b[22m\u001b[2m\u001b[39m\u001b[22m\n\u001b[2m     \u001b[90m 42 |\u001b[39m     installmentId \u001b[33m=\u001b[39m res\u001b[33m.\u001b[39mbody\u001b[33m.\u001b[39mdata\u001b[33m.\u001b[39mid\u001b[33m;\u001b[39m\u001b[22m\n\u001b[2m     \u001b[90m 43 |\u001b[39m   })\u001b[33m;\u001b[39m\u001b[22m\n\u001b[2m     \u001b[90m 44 |\u001b[39m\u001b[0m\u001b[22m\n\u001b[2m\u001b[22m\n\u001b[2m      \u001b[2mat Object.toBe (\u001b[22m\u001b[2m\u001b[0m\u001b[36mtests/installments.test.js\u001b[39m\u001b[0m\u001b[2m:41:46)\u001b[22m\u001b[2m\u001b[22m\n\n\u001b[1m\u001b[31m  \u001b[1m● \u001b[22m\u001b[1mInstallments Routes › GET /api/installments/:invoice_id lists installments\u001b[39m\u001b[22m\n\n    \u001b[2mexpect(\u001b[22m\u001b[31mreceived\u001b[39m\u001b[2m).\u001b[22mtoBe\u001b[2m(\u001b[22m\u001b[32mexpected\u001b[39m\u001b[2m) // Object.is equality\u001b[22m\n\n    Expected: \u001b[32m200\u001b[39m\n    Received: \u001b[31m404\u001b[39m\n\u001b[2m\u001b[22m\n\u001b[2m    \u001b[0m \u001b[90m 45 |\u001b[39m   it(\u001b[32m\"GET /api/installments/:invoice_id lists installments\"\u001b[39m\u001b[33m,\u001b[39m \u001b[36masync\u001b[39m () \u001b[33m=>\u001b[39m {\u001b[22m\n\u001b[2m     \u001b[90m 46 |\u001b[39m     \u001b[36mconst\u001b[39m res \u001b[33m=\u001b[39m \u001b[36mawait\u001b[39m request(app)\u001b[33m.\u001b[39m\u001b[36mget\u001b[39m(\u001b[32m`/api/installments/${invoiceId}`\u001b[39m)\u001b[33m;\u001b[39m\u001b[22m\n\u001b[2m    \u001b[31m\u001b[1m>\u001b[22m\u001b[2m\u001b[39m\u001b[90m 47 |\u001b[39m     expect(res\u001b[33m.\u001b[39mstatus)\u001b[33m.\u001b[39mtoBe(\u001b[35m200\u001b[39m)\u001b[33m;\u001b[39m\u001b[22m\n\u001b[2m     \u001b[90m    |\u001b[39m                        \u001b[31m\u001b[1m^\u001b[22m\u001b[2m\u001b[39m\u001b[22m\n\u001b[2m     \u001b[90m 48 |\u001b[39m     expect(\u001b[33mArray\u001b[39m\u001b[33m.\u001b[39misArray(res\u001b[33m.\u001b[39mbody\u001b[33m.\u001b[39mdata))\u001b[33m.\u001b[39mtoBe(\u001b[36mtrue\u001b[39m)\u001b[33m;\u001b[39m\u001b[22m\n\u001b[2m     \u001b[90m 49 |\u001b[39m     expect(res\u001b[33m.\u001b[39mbody\u001b[33m.\u001b[39mdata\u001b[33m.\u001b[39mlength)\u001b[33m.\u001b[39mtoBe(\u001b[35m1\u001b[39m)\u001b[33m;\u001b[39m\u001b[22m\n\u001b[2m     \u001b[90m 50 |\u001b[39m   })\u001b[33m;\u001b[39m\u001b[0m\u001b[22m\n\u001b[2m\u001b[22m\n\u001b[2m      \u001b[2mat Object.toBe (\u001b[22m\u001b[2m\u001b[0m\u001b[36mtests/installments.test.js\u001b[39m\u001b[0m\u001b[2m:47:24)\u001b[22m\u001b[2m\u001b[22m\n\n\u001b[1m\u001b[31m  \u001b[1m● \u001b[22m\u001b[1mInstallments Routes › PATCH /api/installments/:id/pay marks installment paid\u001b[39m\u001b[22m\n\n    \u001b[2mexpect(\u001b[22m\u001b[31mreceived\u001b[39m\u001b[2m).\u001b[22mtoBe\u001b[2m(\u001b[22m\u001b[32mexpected\u001b[39m\u001b[2m) // Object.is equality\u001b[22m\n\n    Expected: \u001b[32m200\u001b[39m\n    Received: \u001b[31m404\u001b[39m\n\u001b[2m\u001b[22m\n\u001b[2m    \u001b[0m \u001b[90m 54 |\u001b[39m       \u001b[33m.\u001b[39mpatch(\u001b[32m`/api/installments/${installmentId}/pay`\u001b[39m)\u001b[22m\n\u001b[2m     \u001b[90m 55 |\u001b[39m       \u001b[33m.\u001b[39msend({ paid_at\u001b[33m:\u001b[39m \u001b[32m\"2026-05-16\"\u001b[39m })\u001b[33m;\u001b[39m\u001b[22m\n\u001b[2m    \u001b[31m\u001b[1m>\u001b[22m\u001b[2m\u001b[39m\u001b[90m 56 |\u001b[39m     expect(res\u001b[33m.\u001b[39mstatus)\u001b[33m.\u001b[39mtoBe(\u001b[35m200\u001b[39m)\u001b[33m;\u001b[39m\u001b[22m\n\u001b[2m     \u001b[90m    |\u001b[39m                        \u001b[31m\u001b[1m^\u001b[22m\u001b[2m\u001b[39m\u001b[22m\n\u001b[2m     \u001b[90m 57 |\u001b[39m     expect(res\u001b[33m.\u001b[39mbody\u001b[33m.\u001b[39mdata\u001b[33m.\u001b[39mstatus)\u001b[33m.\u001b[39mtoBe(\u001b[32m\"paid\"\u001b[39m)\u001b[33m;\u001b[39m\u001b[22m\n\u001b[2m     \u001b[90m 58 |\u001b[39m   })\u001b[33m;\u001b[39m\u001b[22m\n\u001b[2m     \u001b[90m 59 |\u001b[39m })\u001b[33m;\u001b[39m\u001b[0m\u001b[22m\n\u001b[2m\u001b[22m\n\u001b[2m      \u001b[2mat Object.toBe (\u001b[22m\u001b[2m\u001b[0m\u001b[36mtests/installments.test.js\u001b[39m\u001b[0m\u001b[2m:56:24)\u001b[22m\u001b[2m\u001b[22m\n","name":"C:\\Users\\M7mod Hegazy\\Desktop\\asd\\django\\Retailer\\server\\tests\\installments.test.js","startTime":1776686382172,"status":"failed","summary":""},{"assertionResults":[{"ancestorTitles":["Loyalty Routes"],"duration":107,"failing":false,"failureDetails":[{"matcherResult":{"actual":500,"expected":200,"message":"\u001b[2mexpect(\u001b[22m\u001b[31mreceived\u001b[39m\u001b[2m).\u001b[22mtoBe\u001b[2m(\u001b[22m\u001b[32mexpected\u001b[39m\u001b[2m) // Object.is equality\u001b[22m\n\nExpected: \u001b[32m200\u001b[39m\nReceived: \u001b[31m500\u001b[39m","name":"toBe","pass":false}}],"failureMessages":["Error: \u001b[2mexpect(\u001b[22m\u001b[31mreceived\u001b[39m\u001b[2m).\u001b[22mtoBe\u001b[2m(\u001b[22m\u001b[32mexpected\u001b[39m\u001b[2m) // Object.is equality\u001b[22m\n\nExpected: \u001b[32m200\u001b[39m\nReceived: \u001b[31m500\u001b[39m\n    at Object.toBe (C:\\Users\\M7mod Hegazy\\Desktop\\asd\\django\\Retailer\\server\\tests\\loyalty.test.js:48:24)\n    at processTicksAndRejections (node:internal/process/task_queues:105:5)"],"fullName":"Loyalty Routes POST /api/loyalty/redeem deducts points","invocations":1,"location":null,"numPassingAsserts":0,"retryReasons":[],"startAt":1776686384154,"status":"failed","title":"POST /api/loyalty/redeem deducts points"},{"ancestorTitles":["Loyalty Routes"],"duration":23,"failing":false,"failureDetails":[],"failureMessages":[],"fullName":"Loyalty Routes POST /api/loyalty/redeem fails when insufficient points","invocations":1,"location":null,"numPassingAsserts":1,"retryReasons":[],"startAt":1776686384262,"status":"passed","title":"POST /api/loyalty/redeem fails when insufficient points"},{"ancestorTitles":["Loyalty Routes"],"duration":14,"failing":false,"failureDetails":[{"matcherResult":{"actual":500,"expected":200,"message":"\u001b[2mexpect(\u001b[22m\u001b[31mreceived\u001b[39m\u001b[2m).\u001b[22mtoBe\u001b[2m(\u001b[22m\u001b[32mexpected\u001b[39m\u001b[2m) // Object.is equality\u001b[22m\n\nExpected: \u001b[32m200\u001b[39m\nReceived: \u001b[31m500\u001b[39m","name":"toBe","pass":false}}],"failureMessages":["Error: \u001b[2mexpect(\u001b[22m\u001b[31mreceived\u001b[39m\u001b[2m).\u001b[22mtoBe\u001b[2m(\u001b[22m\u001b[32mexpected\u001b[39m\u001b[2m) // Object.is equality\u001b[22m\n\nExpected: \u001b[32m200\u001b[39m\nReceived: \u001b[31m500\u001b[39m\n    at Object.toBe (C:\\Users\\M7mod Hegazy\\Desktop\\asd\\django\\Retailer\\server\\tests\\loyalty.test.js:71:24)\n    at processTicksAndRejections (node:internal/process/task_queues:105:5)"],"fullName":"Loyalty Routes POST /api/loyalty/adjust earns points (admin only)","invocations":1,"location":null,"numPassingAsserts":0,"retryReasons":[],"startAt":1776686384285,"status":"failed","title":"POST /api/loyalty/adjust earns points (admin only)"},{"ancestorTitles":["Loyalty Routes"],"duration":15,"failing":false,"failureDetails":[{"matcherResult":{"actual":500,"expected":200,"message":"\u001b[2mexpect(\u001b[22m\u001b[31mreceived\u001b[39m\u001b[2m).\u001b[22mtoBe\u001b[2m(\u001b[22m\u001b[32mexpected\u001b[39m\u001b[2m) // Object.is equality\u001b[22m\n\nExpected: \u001b[32m200\u001b[39m\nReceived: \u001b[31m500\u001b[39m","name":"toBe","pass":false}}],"failureMessages":["Error: \u001b[2mexpect(\u001b[22m\u001b[31mreceived\u001b[39m\u001b[2m).\u001b[22mtoBe\u001b[2m(\u001b[22m\u001b[32mexpected\u001b[39m\u001b[2m) // Object.is equality\u001b[22m\n\nExpected: \u001b[32m200\u001b[39m\nReceived: \u001b[31m500\u001b[39m\n    at Object.toBe (C:\\Users\\M7mod Hegazy\\Desktop\\asd\\django\\Retailer\\server\\tests\\loyalty.test.js:83:24)\n    at processTicksAndRejections (node:internal/process/task_queues:105:5)"],"fullName":"Loyalty Routes GET /api/loyalty/report returns totals","invocations":1,"location":null,"numPassingAsserts":0,"retryReasons":[],"startAt":1776686384300,"status":"failed","title":"GET /api/loyalty/report returns totals"}],"endTime":1776686384354,"message":"\u001b[1m\u001b[31m  \u001b[1m● \u001b[22m\u001b[1mLoyalty Routes › POST /api/loyalty/redeem deducts points\u001b[39m\u001b[22m\n\n    \u001b[2mexpect(\u001b[22m\u001b[31mreceived\u001b[39m\u001b[2m).\u001b[22mtoBe\u001b[2m(\u001b[22m\u001b[32mexpected\u001b[39m\u001b[2m) // Object.is equality\u001b[22m\n\n    Expected: \u001b[32m200\u001b[39m\n    Received: \u001b[31m500\u001b[39m\n\u001b[2m\u001b[22m\n\u001b[2m    \u001b[0m \u001b[90m 46 |\u001b[39m       \u001b[33m.\u001b[39m\u001b[36mset\u001b[39m(\u001b[32m\"Authorization\"\u001b[39m\u001b[33m,\u001b[39m \u001b[32m`Bearer ${token}`\u001b[39m)\u001b[22m\n\u001b[2m     \u001b[90m 47 |\u001b[39m       \u001b[33m.\u001b[39msend({ customer_id\u001b[33m:\u001b[39m customerId\u001b[33m,\u001b[39m points\u001b[33m:\u001b[39m \u001b[35m30\u001b[39m\u001b[33m,\u001b[39m note\u001b[33m:\u001b[39m \u001b[32m\"Redemption test\"\u001b[39m })\u001b[33m;\u001b[39m\u001b[22m\n\u001b[2m    \u001b[31m\u001b[1m>\u001b[22m\u001b[2m\u001b[39m\u001b[90m 48 |\u001b[39m     expect(res\u001b[33m.\u001b[39mstatus)\u001b[33m.\u001b[39mtoBe(\u001b[35m200\u001b[39m)\u001b[33m;\u001b[39m\u001b[22m\n\u001b[2m     \u001b[90m    |\u001b[39m                        \u001b[31m\u001b[1m^\u001b[22m\u001b[2m\u001b[39m\u001b[22m\n\u001b[2m     \u001b[90m 49 |\u001b[39m     expect(res\u001b[33m.\u001b[39mbody\u001b[33m.\u001b[39msuccess)\u001b[33m.\u001b[39mtoBe(\u001b[36mtrue\u001b[39m)\u001b[33m;\u001b[39m\u001b[22m\n\u001b[2m     \u001b[90m 50 |\u001b[39m\u001b[22m\n\u001b[2m     \u001b[90m 51 |\u001b[39m     \u001b[36mconst\u001b[39m db \u001b[33m=\u001b[39m getDb()\u001b[33m;\u001b[39m\u001b[0m\u001b[22m\n\u001b[2m\u001b[22m\n\u001b[2m      \u001b[2mat Object.toBe (\u001b[22m\u001b[2m\u001b[0m\u001b[36mtests/loyalty.test.js\u001b[39m\u001b[0m\u001b[2m:48:24)\u001b[22m\u001b[2m\u001b[22m\n\n\u001b[1m\u001b[31m  \u001b[1m● \u001b[22m\u001b[1mLoyalty Routes › POST /api/loyalty/adjust earns points (admin only)\u001b[39m\u001b[22m\n\n    \u001b[2mexpect(\u001b[22m\u001b[31mreceived\u001b[39m\u001b[2m).\u001b[22mtoBe\u001b[2m(\u001b[22m\u001b[32mexpected\u001b[39m\u001b[2m) // Object.is equality\u001b[22m\n\n    Expected: \u001b[32m200\u001b[39m\n    Received: \u001b[31m500\u001b[39m\n\u001b[2m\u001b[22m\n\u001b[2m    \u001b[0m \u001b[90m 69 |\u001b[39m       \u001b[33m.\u001b[39m\u001b[36mset\u001b[39m(\u001b[32m\"Authorization\"\u001b[39m\u001b[33m,\u001b[39m \u001b[32m`Bearer ${token}`\u001b[39m)\u001b[22m\n\u001b[2m     \u001b[90m 70 |\u001b[39m       \u001b[33m.\u001b[39msend({ customer_id\u001b[33m:\u001b[39m customerId\u001b[33m,\u001b[39m points\u001b[33m:\u001b[39m \u001b[35m50\u001b[39m\u001b[33m,\u001b[39m type\u001b[33m:\u001b[39m \u001b[32m\"earn\"\u001b[39m\u001b[33m,\u001b[39m note\u001b[33m:\u001b[39m \u001b[32m\"Bonus\"\u001b[39m })\u001b[33m;\u001b[39m\u001b[22m\n\u001b[2m    \u001b[31m\u001b[1m>\u001b[22m\u001b[2m\u001b[39m\u001b[90m 71 |\u001b[39m     expect(res\u001b[33m.\u001b[39mstatus)\u001b[33m.\u001b[39mtoBe(\u001b[35m200\u001b[39m)\u001b[33m;\u001b[39m\u001b[22m\n\u001b[2m     \u001b[90m    |\u001b[39m                        \u001b[31m\u001b[1m^\u001b[22m\u001b[2m\u001b[39m\u001b[22m\n\u001b[2m     \u001b[90m 72 |\u001b[39m\u001b[22m\n\u001b[2m     \u001b[90m 73 |\u001b[39m     \u001b[36mconst\u001b[39m db \u001b[33m=\u001b[39m getDb()\u001b[33m;\u001b[39m\u001b[22m\n\u001b[2m     \u001b[90m 74 |\u001b[39m     \u001b[36mconst\u001b[39m cust \u001b[33m=\u001b[39m db\u001b[33m.\u001b[39mprepare(\u001b[32m\"SELECT loyalty_points FROM customers WHERE id = ?\"\u001b[39m)\u001b[33m.\u001b[39m\u001b[36mget\u001b[39m(customerId)\u001b[33m;\u001b[39m\u001b[0m\u001b[22m\n\u001b[2m\u001b[22m\n\u001b[2m      \u001b[2mat Object.toBe (\u001b[22m\u001b[2m\u001b[0m\u001b[36mtests/loyalty.test.js\u001b[39m\u001b[0m\u001b[2m:71:24)\u001b[22m\u001b[2m\u001b[22m\n\n\u001b[1m\u001b[31m  \u001b[1m● \u001b[22m\u001b[1mLoyalty Routes › GET /api/loyalty/report returns totals\u001b[39m\u001b[22m\n\n    \u001b[2mexpect(\u001b[22m\u001b[31mreceived\u001b[39m\u001b[2m).\u001b[22mtoBe\u001b[2m(\u001b[22m\u001b[32mexpected\u001b[39m\u001b[2m) // Object.is equality\u001b[22m\n\n    Expected: \u001b[32m200\u001b[39m\n    Received: \u001b[31m500\u001b[39m\n\u001b[2m\u001b[22m\n\u001b[2m    \u001b[0m \u001b[90m 81 |\u001b[39m       \u001b[33m.\u001b[39m\u001b[36mget\u001b[39m(\u001b[32m\"/api/loyalty/report\"\u001b[39m)\u001b[22m\n\u001b[2m     \u001b[90m 82 |\u001b[39m       \u001b[33m.\u001b[39m\u001b[36mset\u001b[39m(\u001b[32m\"Authorization\"\u001b[39m\u001b[33m,\u001b[39m \u001b[32m`Bearer ${token}`\u001b[39m)\u001b[33m;\u001b[39m\u001b[22m\n\u001b[2m    \u001b[31m\u001b[1m>\u001b[22m\u001b[2m\u001b[39m\u001b[90m 83 |\u001b[39m     expect(res\u001b[33m.\u001b[39mstatus)\u001b[33m.\u001b[39mtoBe(\u001b[35m200\u001b[39m)\u001b[33m;\u001b[39m\u001b[22m\n\u001b[2m     \u001b[90m    |\u001b[39m                        \u001b[31m\u001b[1m^\u001b[22m\u001b[2m\u001b[39m\u001b[22m\n\u001b[2m     \u001b[90m 84 |\u001b[39m     expect(res\u001b[33m.\u001b[39mbody\u001b[33m.\u001b[39mdata\u001b[33m.\u001b[39mtotalCirculating)\u001b[33m.\u001b[39mtoBeDefined()\u001b[33m;\u001b[39m\u001b[22m\n\u001b[2m     \u001b[90m 85 |\u001b[39m   })\u001b[33m;\u001b[39m\u001b[22m\n\u001b[2m     \u001b[90m 86 |\u001b[39m })\u001b[33m;\u001b[39m\u001b[0m\u001b[22m\n\u001b[2m\u001b[22m\n\u001b[2m      \u001b[2mat Object.toBe (\u001b[22m\u001b[2m\u001b[0m\u001b[36mtests/loyalty.test.js\u001b[39m\u001b[0m\u001b[2m:83:24)\u001b[22m\u001b[2m\u001b[22m\n","name":"C:\\Users\\M7mod Hegazy\\Desktop\\asd\\django\\Retailer\\server\\tests\\loyalty.test.js","startTime":1776686382148,"status":"failed","summary":""},{"assertionResults":[{"ancestorTitles":["Users Routes"],"duration":70,"failing":false,"failureDetails":[{"matcherResult":{"actual":200,"expected":401,"message":"\u001b[2mexpect(\u001b[22m\u001b[31mreceived\u001b[39m\u001b[2m).\u001b[22mtoBe\u001b[2m(\u001b[22m\u001b[32mexpected\u001b[39m\u001b[2m) // Object.is equality\u001b[22m\n\nExpected: \u001b[32m401\u001b[39m\nReceived: \u001b[31m200\u001b[39m","name":"toBe","pass":false}}],"failureMessages":["Error: \u001b[2mexpect(\u001b[22m\u001b[31mreceived\u001b[39m\u001b[2m).\u001b[22mtoBe\u001b[2m(\u001b[22m\u001b[32mexpected\u001b[39m\u001b[2m) // Object.is equality\u001b[22m\n\nExpected: \u001b[32m401\u001b[39m\nReceived: \u001b[31m200\u001b[39m\n    at Object.toBe (C:\\Users\\M7mod Hegazy\\Desktop\\asd\\django\\Retailer\\server\\tests\\users.test.js:31:24)\n    at processTicksAndRejections (node:internal/process/task_queues:105:5)"],"fullName":"Users Routes GET /api/users requires auth","invocations":1,"location":null,"numPassingAsserts":0,"retryReasons":[],"startAt":1776686384201,"status":"failed","title":"GET /api/users requires auth"},{"ancestorTitles":["Users Routes"],"duration":11,"failing":false,"failureDetails":[],"failureMessages":[],"fullName":"Users Routes GET /api/users returns users list when authenticated","invocations":1,"location":null,"numPassingAsserts":2,"retryReasons":[],"startAt":1776686384272,"status":"passed","title":"GET /api/users returns users list when authenticated"},{"ancestorTitles":["Users Routes"],"duration":115,"failing":false,"failureDetails":[],"failureMessages":[],"fullName":"Users Routes POST /api/users creates a new user","invocations":1,"location":null,"numPassingAsserts":2,"retryReasons":[],"startAt":1776686384283,"status":"passed","title":"POST /api/users creates a new user"},{"ancestorTitles":["Users Routes"],"duration":9,"failing":false,"failureDetails":[{"matcherResult":{"actual":404,"expected":200,"message":"\u001b[2mexpect(\u001b[22m\u001b[31mreceived\u001b[39m\u001b[2m).\u001b[22mtoBe\u001b[2m(\u001b[22m\u001b[32mexpected\u001b[39m\u001b[2m) // Object.is equality\u001b[22m\n\nExpected: \u001b[32m200\u001b[39m\nReceived: \u001b[31m404\u001b[39m","name":"toBe","pass":false}}],"failureMessages":["Error: \u001b[2mexpect(\u001b[22m\u001b[31mreceived\u001b[39m\u001b[2m).\u001b[22mtoBe\u001b[2m(\u001b[22m\u001b[32mexpected\u001b[39m\u001b[2m) // Object.is equality\u001b[22m\n\nExpected: \u001b[32m200\u001b[39m\nReceived: \u001b[31m404\u001b[39m\n    at Object.toBe (C:\\Users\\M7mod Hegazy\\Desktop\\asd\\django\\Retailer\\server\\tests\\users.test.js:57:24)\n    at processTicksAndRejections (node:internal/process/task_queues:105:5)"],"fullName":"Users Routes PUT /api/users/:id updates user role","invocations":1,"location":null,"numPassingAsserts":0,"retryReasons":[],"startAt":1776686384399,"status":"failed","title":"PUT /api/users/:id updates user role"}],"endTime":1776686384453,"message":"\u001b[1m\u001b[31m  \u001b[1m● \u001b[22m\u001b[1mUsers Routes › GET /api/users requires auth\u001b[39m\u001b[22m\n\n    \u001b[2mexpect(\u001b[22m\u001b[31mreceived\u001b[39m\u001b[2m).\u001b[22mtoBe\u001b[2m(\u001b[22m\u001b[32mexpected\u001b[39m\u001b[2m) // Object.is equality\u001b[22m\n\n    Expected: \u001b[32m401\u001b[39m\n    Received: \u001b[31m200\u001b[39m\n\u001b[2m\u001b[22m\n\u001b[2m    \u001b[0m \u001b[90m 29 |\u001b[39m   it(\u001b[32m\"GET /api/users requires auth\"\u001b[39m\u001b[33m,\u001b[39m \u001b[36masync\u001b[39m () \u001b[33m=>\u001b[39m {\u001b[22m\n\u001b[2m     \u001b[90m 30 |\u001b[39m     \u001b[36mconst\u001b[39m res \u001b[33m=\u001b[39m \u001b[36mawait\u001b[39m request(app)\u001b[33m.\u001b[39m\u001b[36mget\u001b[39m(\u001b[32m\"/api/users\"\u001b[39m)\u001b[33m;\u001b[39m\u001b[22m\n\u001b[2m    \u001b[31m\u001b[1m>\u001b[22m\u001b[2m\u001b[39m\u001b[90m 31 |\u001b[39m     expect(res\u001b[33m.\u001b[39mstatus)\u001b[33m.\u001b[39mtoBe(\u001b[35m401\u001b[39m)\u001b[33m;\u001b[39m\u001b[22m\n\u001b[2m     \u001b[90m    |\u001b[39m                        \u001b[31m\u001b[1m^\u001b[22m\u001b[2m\u001b[39m\u001b[22m\n\u001b[2m     \u001b[90m 32 |\u001b[39m   })\u001b[33m;\u001b[39m\u001b[22m\n\u001b[2m     \u001b[90m 33 |\u001b[39m\u001b[22m\n\u001b[2m     \u001b[90m 34 |\u001b[39m   it(\u001b[32m\"GET /api/users returns users list when authenticated\"\u001b[39m\u001b[33m,\u001b[39m \u001b[36masync\u001b[39m () \u001b[33m=>\u001b[39m {\u001b[0m\u001b[22m\n\u001b[2m\u001b[22m\n\u001b[2m      \u001b[2mat Object.toBe (\u001b[22m\u001b[2m\u001b[0m\u001b[36mtests/users.test.js\u001b[39m\u001b[0m\u001b[2m:31:24)\u001b[22m\u001b[2m\u001b[22m\n\n\u001b[1m\u001b[31m  \u001b[1m● \u001b[22m\u001b[1mUsers Routes › PUT /api/users/:id updates user role\u001b[39m\u001b[22m\n\n    \u001b[2mexpect(\u001b[22m\u001b[31mreceived\u001b[39m\u001b[2m).\u001b[22mtoBe\u001b[2m(\u001b[22m\u001b[32mexpected\u001b[39m\u001b[2m) // Object.is equality\u001b[22m\n\n    Expected: \u001b[32m200\u001b[39m\n    Received: \u001b[31m404\u001b[39m\n\u001b[2m\u001b[22m\n\u001b[2m    \u001b[0m \u001b[90m 55 |\u001b[39m       \u001b[33m.\u001b[39m\u001b[36mset\u001b[39m(\u001b[32m\"Authorization\"\u001b[39m\u001b[33m,\u001b[39m \u001b[32m`Bearer ${adminToken}`\u001b[39m)\u001b[22m\n\u001b[2m     \u001b[90m 56 |\u001b[39m       \u001b[33m.\u001b[39msend({ role\u001b[33m:\u001b[39m \u001b[32m\"branch_manager\"\u001b[39m\u001b[33m,\u001b[39m is_active\u001b[33m:\u001b[39m \u001b[35m1\u001b[39m })\u001b[33m;\u001b[39m\u001b[22m\n\u001b[2m    \u001b[31m\u001b[1m>\u001b[22m\u001b[2m\u001b[39m\u001b[90m 57 |\u001b[39m     expect(res\u001b[33m.\u001b[39mstatus)\u001b[33m.\u001b[39mtoBe(\u001b[35m200\u001b[39m)\u001b[33m;\u001b[39m\u001b[22m\n\u001b[2m     \u001b[90m    |\u001b[39m                        \u001b[31m\u001b[1m^\u001b[22m\u001b[2m\u001b[39m\u001b[22m\n\u001b[2m     \u001b[90m 58 |\u001b[39m     expect(res\u001b[33m.\u001b[39mbody\u001b[33m.\u001b[39mdata\u001b[33m.\u001b[39mrole)\u001b[33m.\u001b[39mtoBe(\u001b[32m\"branch_manager\"\u001b[39m)\u001b[33m;\u001b[39m\u001b[22m\n\u001b[2m     \u001b[90m 59 |\u001b[39m   })\u001b[33m;\u001b[39m\u001b[22m\n\u001b[2m     \u001b[90m 60 |\u001b[39m })\u001b[33m;\u001b[39m\u001b[0m\u001b[22m\n\u001b[2m\u001b[22m\n\u001b[2m      \u001b[2mat Object.toBe (\u001b[22m\u001b[2m\u001b[0m\u001b[36mtests/users.test.js\u001b[39m\u001b[0m\u001b[2m:57:24)\u001b[22m\u001b[2m\u001b[22m\n","name":"C:\\Users\\M7mod Hegazy\\Desktop\\asd\\django\\Retailer\\server\\tests\\users.test.js","startTime":1776686382158,"status":"failed","summary":""},{"assertionResults":[{"ancestorTitles":["payments"],"duration":250,"failing":false,"failureDetails":[],"failureMessages":[],"fullName":"payments accepts a large integer payment without fractional drift","invocations":1,"location":null,"numPassingAsserts":2,"retryReasons":[],"startAt":1776686384067,"status":"passed","title":"accepts a large integer payment without fractional drift"},{"ancestorTitles":["payments"],"duration":80,"failing":false,"failureDetails":[],"failureMessages":[],"fullName":"payments rejects payment when allocated amount exceeds payment","invocations":1,"location":null,"numPassingAsserts":2,"retryReasons":[],"startAt":1776686384318,"status":"passed","title":"rejects payment when allocated amount exceeds payment"},{"ancestorTitles":["payments"],"duration":65,"failing":false,"failureDetails":[],"failureMessages":[],"fullName":"payments auto allocates payment to oldest open invoice","invocations":1,"location":null,"numPassingAsserts":2,"retryReasons":[],"startAt":1776686384398,"status":"passed","title":"auto allocates payment to oldest open invoice"}],"endTime":1776686384464,"message":"","name":"C:\\Users\\M7mod Hegazy\\Desktop\\asd\\django\\Retailer\\server\\tests\\payments.test.js","startTime":1776686382303,"status":"passed","summary":""},{"assertionResults":[{"ancestorTitles":["help routes"],"duration":388,"failing":false,"failureDetails":[],"failureMessages":[],"fullName":"help routes requires auth for state","invocations":1,"location":null,"numPassingAsserts":1,"retryReasons":[],"startAt":1776686383915,"status":"passed","title":"requires auth for state"},{"ancestorTitles":["help routes"],"duration":209,"failing":false,"failureDetails":[],"failureMessages":[],"fullName":"help routes marks page as toured and returns it in state","invocations":1,"location":null,"numPassingAsserts":2,"retryReasons":[],"startAt":1776686384304,"status":"passed","title":"marks page as toured and returns it in state"},{"ancestorTitles":["help routes"],"duration":252,"failing":false,"failureDetails":[],"failureMessages":[],"fullName":"help routes can disable tours and tooltips globally","invocations":1,"location":null,"numPassingAsserts":2,"retryReasons":[],"startAt":1776686384513,"status":"passed","title":"can disable tours and tooltips globally"},{"ancestorTitles":["help routes"],"duration":578,"failing":false,"failureDetails":[],"failureMessages":[],"fullName":"help routes admin reset clears user help state","invocations":1,"location":null,"numPassingAsserts":1,"retryReasons":[],"startAt":1776686384766,"status":"passed","title":"admin reset clears user help state"}],"endTime":1776686385360,"message":"","name":"C:\\Users\\M7mod Hegazy\\Desktop\\asd\\django\\Retailer\\server\\tests\\helpRoutes.test.js","startTime":1776686382269,"status":"passed","summary":""},{"assertionResults":[{"ancestorTitles":["Customers Routes"],"duration":14,"failing":false,"failureDetails":[],"failureMessages":[],"fullName":"Customers Routes GET /api/customers returns empty list","invocations":1,"location":null,"numPassingAsserts":2,"retryReasons":[],"startAt":1776686384528,"status":"passed","title":"GET /api/customers returns empty list"},{"ancestorTitles":["Customers Routes"],"duration":17,"failing":false,"failureDetails":[],"failureMessages":[],"fullName":"Customers Routes POST /api/customers creates a customer","invocations":1,"location":null,"numPassingAsserts":2,"retryReasons":[],"startAt":1776686384542,"status":"passed","title":"POST /api/customers creates a customer"},{"ancestorTitles":["Customers Routes"],"duration":6,"failing":false,"failureDetails":[],"failureMessages":[],"fullName":"Customers Routes GET /api/customers returns the new customer","invocations":1,"location":null,"numPassingAsserts":2,"retryReasons":[],"startAt":1776686384559,"status":"passed","title":"GET /api/customers returns the new customer"},{"ancestorTitles":["Customers Routes"],"duration":7,"failing":false,"failureDetails":[],"failureMessages":[],"fullName":"Customers Routes GET /api/customers/:id/loyalty returns loyalty data","invocations":1,"location":null,"numPassingAsserts":3,"retryReasons":[],"startAt":1776686384565,"status":"passed","title":"GET /api/customers/:id/loyalty returns loyalty data"}],"endTime":1776686384572,"message":"","name":"C:\\Users\\M7mod Hegazy\\Desktop\\asd\\django\\Retailer\\server\\tests\\customers.test.js","startTime":1776686384228,"status":"passed","summary":""},{"assertionResults":[{"ancestorTitles":["Expenses Routes"],"duration":67,"failing":false,"failureDetails":[],"failureMessages":[],"fullName":"Expenses Routes GET /api/expenses returns empty list","invocations":1,"location":null,"numPassingAsserts":2,"retryReasons":[],"startAt":1776686385049,"status":"passed","title":"GET /api/expenses returns empty list"},{"ancestorTitles":["Expenses Routes"],"duration":52,"failing":false,"failureDetails":[],"failureMessages":[],"fullName":"Expenses Routes POST /api/expenses creates an expense","invocations":1,"location":null,"numPassingAsserts":2,"retryReasons":[],"startAt":1776686385124,"status":"passed","title":"POST /api/expenses creates an expense"},{"ancestorTitles":["Expenses Routes"],"duration":20,"failing":false,"failureDetails":[],"failureMessages":[],"fullName":"Expenses Routes GET /api/expenses shows the created expense","invocations":1,"location":null,"numPassingAsserts":1,"retryReasons":[],"startAt":1776686385177,"status":"passed","title":"GET /api/expenses shows the created expense"},{"ancestorTitles":["Expenses Routes"],"duration":32,"failing":false,"failureDetails":[],"failureMessages":[],"fullName":"Expenses Routes No DELETE endpoint responds 404 for unknown paths","invocations":1,"location":null,"numPassingAsserts":1,"retryReasons":[],"startAt":1776686385198,"status":"passed","title":"No DELETE endpoint responds 404 for unknown paths"}],"endTime":1776686385231,"message":"","name":"C:\\Users\\M7mod Hegazy\\Desktop\\asd\\django\\Retailer\\server\\tests\\expenses.test.js","startTime":1776686384479,"status":"passed","summary":""},{"assertionResults":[{"ancestorTitles":["Revenues Routes"],"duration":57,"failing":false,"failureDetails":[],"failureMessages":[],"fullName":"Revenues Routes GET /api/revenues returns empty list","invocations":1,"location":null,"numPassingAsserts":2,"retryReasons":[],"startAt":1776686385090,"status":"passed","title":"GET /api/revenues returns empty list"},{"ancestorTitles":["Revenues Routes"],"duration":45,"failing":false,"failureDetails":[],"failureMessages":[],"fullName":"Revenues Routes POST /api/revenues creates a revenue entry","invocations":1,"location":null,"numPassingAsserts":2,"retryReasons":[],"startAt":1776686385147,"status":"passed","title":"POST /api/revenues creates a revenue entry"},{"ancestorTitles":["Revenues Routes"],"duration":25,"failing":false,"failureDetails":[],"failureMessages":[],"fullName":"Revenues Routes GET /api/revenues shows the created revenue","invocations":1,"location":null,"numPassingAsserts":1,"retryReasons":[],"startAt":1776686385192,"status":"passed","title":"GET /api/revenues shows the created revenue"},{"ancestorTitles":["Revenues Routes"],"duration":28,"failing":false,"failureDetails":[],"failureMessages":[],"fullName":"Revenues Routes No DELETE endpoint responds 404","invocations":1,"location":null,"numPassingAsserts":1,"retryReasons":[],"startAt":1776686385217,"status":"passed","title":"No DELETE endpoint responds 404"}],"endTime":1776686385246,"message":"","name":"C:\\Users\\M7mod Hegazy\\Desktop\\asd\\django\\Retailer\\server\\tests\\revenues.test.js","startTime":1776686384518,"status":"passed","summary":""},{"assertionResults":[{"ancestorTitles":["Purchases Routes"],"duration":46,"failing":false,"failureDetails":[],"failureMessages":[],"fullName":"Purchases Routes GET /api/purchases returns empty list","invocations":1,"location":null,"numPassingAsserts":2,"retryReasons":[],"startAt":1776686385697,"status":"passed","title":"GET /api/purchases returns empty list"},{"ancestorTitles":["Purchases Routes"],"duration":46,"failing":false,"failureDetails":[],"failureMessages":[],"fullName":"Purchases Routes POST /api/purchases creates a purchase","invocations":1,"location":null,"numPassingAsserts":2,"retryReasons":[],"startAt":1776686385745,"status":"passed","title":"POST /api/purchases creates a purchase"},{"ancestorTitles":["Purchases Routes"],"duration":18,"failing":false,"failureDetails":[],"failureMessages":[],"fullName":"Purchases Routes GET /api/purchases shows the created purchase","invocations":1,"location":null,"numPassingAsserts":1,"retryReasons":[],"startAt":1776686385793,"status":"passed","title":"GET /api/purchases shows the created purchase"}],"endTime":1776686385816,"message":"","name":"C:\\Users\\M7mod Hegazy\\Desktop\\asd\\django\\Retailer\\server\\tests\\purchases.test.js","startTime":1776686384583,"status":"passed","summary":""},{"assertionResults":[{"ancestorTitles":["Settings Routes"],"duration":46,"failing":false,"failureDetails":[],"failureMessages":[],"fullName":"Settings Routes returns settings payload without auth","invocations":1,"location":null,"numPassingAsserts":3,"retryReasons":[],"startAt":1776686385930,"status":"passed","title":"returns settings payload without auth"},{"ancestorTitles":["Settings Routes"],"duration":38,"failing":false,"failureDetails":[],"failureMessages":[],"fullName":"Settings Routes rejects license validation when key is missing","invocations":1,"location":null,"numPassingAsserts":2,"retryReasons":[],"startAt":1776686385976,"status":"passed","title":"rejects license validation when key is missing"},{"ancestorTitles":["Settings Routes"],"duration":22,"failing":false,"failureDetails":[],"failureMessages":[],"fullName":"Settings Routes persists setup progress draft","invocations":1,"location":null,"numPassingAsserts":4,"retryReasons":[],"startAt":1776686386014,"status":"passed","title":"persists setup progress draft"}],"endTime":1776686386037,"message":"","name":"C:\\Users\\M7mod Hegazy\\Desktop\\asd\\django\\Retailer\\server\\tests\\settings.test.js","startTime":1776686384817,"status":"passed","summary":""},{"assertionResults":[{"ancestorTitles":["Promotions Routes"],"duration":79,"failing":false,"failureDetails":[],"failureMessages":[],"fullName":"Promotions Routes GET /api/promotions returns empty list","invocations":1,"location":null,"numPassingAsserts":2,"retryReasons":[],"startAt":1776686384640,"status":"passed","title":"GET /api/promotions returns empty list"},{"ancestorTitles":["Promotions Routes"],"duration":60,"failing":false,"failureDetails":[],"failureMessages":[],"fullName":"Promotions Routes POST /api/promotions creates a promotion","invocations":1,"location":null,"numPassingAsserts":2,"retryReasons":[],"startAt":1776686384719,"status":"passed","title":"POST /api/promotions creates a promotion"},{"ancestorTitles":["Promotions Routes"],"duration":33,"failing":false,"failureDetails":[],"failureMessages":[],"fullName":"Promotions Routes POST /api/promotions/evaluate calculates discount","invocations":1,"location":null,"numPassingAsserts":2,"retryReasons":[],"startAt":1776686384779,"status":"passed","title":"POST /api/promotions/evaluate calculates discount"},{"ancestorTitles":["Promotions Routes"],"duration":42,"failing":false,"failureDetails":[],"failureMessages":[],"fullName":"Promotions Routes PATCH /api/promotions/:id/toggle toggles promotion","invocations":1,"location":null,"numPassingAsserts":2,"retryReasons":[],"startAt":1776686384812,"status":"passed","title":"PATCH /api/promotions/:id/toggle toggles promotion"},{"ancestorTitles":["Promotions Routes"],"duration":36,"failing":false,"failureDetails":[],"failureMessages":[],"fullName":"Promotions Routes PUT /api/promotions/:id updates a promotion","invocations":1,"location":null,"numPassingAsserts":2,"retryReasons":[],"startAt":1776686384855,"status":"passed","title":"PUT /api/promotions/:id updates a promotion"},{"ancestorTitles":["Promotions Routes"],"duration":28,"failing":false,"failureDetails":[],"failureMessages":[],"fullName":"Promotions Routes DELETE /api/promotions/:id removes promotion","invocations":1,"location":null,"numPassingAsserts":1,"retryReasons":[],"startAt":1776686384892,"status":"passed","title":"DELETE /api/promotions/:id removes promotion"}],"endTime":1776686384931,"message":"","name":"C:\\Users\\M7mod Hegazy\\Desktop\\asd\\django\\Retailer\\server\\tests\\promotions.test.js","startTime":1776686384363,"status":"passed","summary":""},{"assertionResults":[{"ancestorTitles":["invoice service"],"duration":233,"failing":false,"failureDetails":[],"failureMessages":[],"fullName":"invoice service creates invoice transactionally","invocations":1,"location":null,"numPassingAsserts":1,"retryReasons":[],"startAt":1776686385763,"status":"passed","title":"creates invoice transactionally"},{"ancestorTitles":["invoice service"],"duration":242,"failing":false,"failureDetails":[],"failureMessages":[],"fullName":"invoice service rejects discount above hard limit without supervisor override","invocations":1,"location":null,"numPassingAsserts":1,"retryReasons":[],"startAt":1776686385997,"status":"passed","title":"rejects discount above hard limit without supervisor override"},{"ancestorTitles":["invoice service"],"duration":213,"failing":false,"failureDetails":[],"failureMessages":[],"fullName":"invoice service accepts high discount with supervisor override","invocations":1,"location":null,"numPassingAsserts":1,"retryReasons":[],"startAt":1776686386239,"status":"passed","title":"accepts high discount with supervisor override"}],"endTime":1776686386458,"message":"","name":"C:\\Users\\M7mod Hegazy\\Desktop\\asd\\django\\Retailer\\server\\tests\\invoiceService.test.js","startTime":1776686385533,"status":"passed","summary":""},{"assertionResults":[{"ancestorTitles":["dbManager"],"duration":321,"failing":false,"failureDetails":[],"failureMessages":[],"fullName":"dbManager enables WAL and creates sqlite file","invocations":1,"location":null,"numPassingAsserts":2,"retryReasons":[],"startAt":1776686387121,"status":"passed","title":"enables WAL and creates sqlite file"}],"endTime":1776686387443,"message":"","name":"C:\\Users\\M7mod Hegazy\\Desktop\\asd\\django\\Retailer\\server\\tests\\dbManager.test.js","startTime":1776686386665,"status":"passed","summary":""},{"assertionResults":[{"ancestorTitles":["treasury service"],"duration":241,"failing":false,"failureDetails":[],"failureMessages":[],"fullName":"treasury service moves balance between treasuries transactionally","invocations":1,"location":null,"numPassingAsserts":3,"retryReasons":[],"startAt":1776686385984,"status":"passed","title":"moves balance between treasuries transactionally"},{"ancestorTitles":["treasury service"],"duration":274,"failing":false,"failureDetails":[],"failureMessages":[],"fullName":"treasury service rejects transfer when source treasury has insufficient funds","invocations":1,"location":null,"numPassingAsserts":1,"retryReasons":[],"startAt":1776686386225,"status":"passed","title":"rejects transfer when source treasury has insufficient funds"},{"ancestorTitles":["treasury service"],"duration":215,"failing":false,"failureDetails":[],"failureMessages":[],"fullName":"treasury service rejects transfer when source equals destination","invocations":1,"location":null,"numPassingAsserts":1,"retryReasons":[],"startAt":1776686386499,"status":"passed","title":"rejects transfer when source equals destination"}],"endTime":1776686386715,"message":"","name":"C:\\Users\\M7mod Hegazy\\Desktop\\asd\\django\\Retailer\\server\\tests\\treasuryService.test.js","startTime":1776686385725,"status":"passed","summary":""},{"assertionResults":[{"ancestorTitles":["backup service"],"duration":251,"failing":false,"failureDetails":[],"failureMessages":[],"fullName":"backup service resolves current database path from active sqlite connection","invocations":1,"location":null,"numPassingAsserts":1,"retryReasons":[],"startAt":1776686386490,"status":"passed","title":"resolves current database path from active sqlite connection"},{"ancestorTitles":["backup service"],"duration":449,"failing":false,"failureDetails":[],"failureMessages":[],"fullName":"backup service creates backup in configured backup directory","invocations":1,"location":null,"numPassingAsserts":2,"retryReasons":[],"startAt":1776686386746,"status":"passed","title":"creates backup in configured backup directory"}],"endTime":1776686387196,"message":"","name":"C:\\Users\\M7mod Hegazy\\Desktop\\asd\\django\\Retailer\\server\\tests\\backupService.test.js","startTime":1776686386209,"status":"passed","summary":""},{"assertionResults":[{"ancestorTitles":["Suppliers Routes"],"duration":48,"failing":false,"failureDetails":[],"failureMessages":[],"fullName":"Suppliers Routes GET /api/suppliers returns empty list","invocations":1,"location":null,"numPassingAsserts":2,"retryReasons":[],"startAt":1776686386130,"status":"passed","title":"GET /api/suppliers returns empty list"},{"ancestorTitles":["Suppliers Routes"],"duration":58,"failing":false,"failureDetails":[],"failureMessages":[],"fullName":"Suppliers Routes POST /api/suppliers creates a supplier","invocations":1,"location":null,"numPassingAsserts":2,"retryReasons":[],"startAt":1776686386178,"status":"passed","title":"POST /api/suppliers creates a supplier"},{"ancestorTitles":["Suppliers Routes"],"duration":18,"failing":false,"failureDetails":[],"failureMessages":[],"fullName":"Suppliers Routes GET /api/suppliers returns the new supplier","invocations":1,"location":null,"numPassingAsserts":1,"retryReasons":[],"startAt":1776686386236,"status":"passed","title":"GET /api/suppliers returns the new supplier"}],"endTime":1776686386259,"message":"","name":"C:\\Users\\M7mod Hegazy\\Desktop\\asd\\django\\Retailer\\server\\tests\\suppliers.test.js","startTime":1776686385173,"status":"passed","summary":""},{"assertionResults":[{"ancestorTitles":["returnService"],"duration":183,"failing":false,"failureDetails":[],"failureMessages":[],"fullName":"returnService supports partial line-item returns","invocations":1,"location":null,"numPassingAsserts":2,"retryReasons":[],"startAt":1776686387532,"status":"passed","title":"supports partial line-item returns"}],"endTime":1776686387716,"message":"","name":"C:\\Users\\M7mod Hegazy\\Desktop\\asd\\django\\Retailer\\server\\tests\\returnService.test.js","startTime":1776686387219,"status":"passed","summary":""},{"assertionResults":[{"ancestorTitles":["stock transfer service"],"duration":225,"failing":false,"failureDetails":[],"failureMessages":[],"fullName":"stock transfer service transfers stock between warehouses","invocations":1,"location":null,"numPassingAsserts":3,"retryReasons":[],"startAt":1776686386246,"status":"passed","title":"transfers stock between warehouses"},{"ancestorTitles":["stock transfer service"],"duration":220,"failing":false,"failureDetails":[],"failureMessages":[],"fullName":"stock transfer service rejects transfer with insufficient quantity","invocations":1,"location":null,"numPassingAsserts":1,"retryReasons":[],"startAt":1776686386471,"status":"passed","title":"rejects transfer with insufficient quantity"},{"ancestorTitles":["stock transfer service"],"duration":348,"failing":false,"failureDetails":[],"failureMessages":[],"fullName":"stock transfer service rejects transfer to same warehouse","invocations":1,"location":null,"numPassingAsserts":1,"retryReasons":[],"startAt":1776686386692,"status":"passed","title":"rejects transfer to same warehouse"}],"endTime":1776686387041,"message":"","name":"C:\\Users\\M7mod Hegazy\\Desktop\\asd\\django\\Retailer\\server\\tests\\stockTransferService.test.js","startTime":1776686385968,"status":"passed","summary":""},{"assertionResults":[{"ancestorTitles":["currencyMath"],"duration":1,"failing":false,"failureDetails":[],"failureMessages":[],"fullName":"currencyMath handles integer math safely","invocations":1,"location":null,"numPassingAsserts":4,"retryReasons":[],"startAt":1776686387713,"status":"passed","title":"handles integer math safely"}],"endTime":1776686387717,"message":"","name":"C:\\Users\\M7mod Hegazy\\Desktop\\asd\\django\\Retailer\\server\\tests\\currencyMath.test.js","startTime":1776686387486,"status":"passed","summary":""},{"assertionResults":[{"ancestorTitles":["Shifts Routes"],"duration":49,"failing":false,"failureDetails":[],"failureMessages":[],"fullName":"Shifts Routes GET /api/shifts/current returns null when no open shift","invocations":1,"location":null,"numPassingAsserts":3,"retryReasons":[],"startAt":1776686384671,"status":"passed","title":"GET /api/shifts/current returns null when no open shift"},{"ancestorTitles":["Shifts Routes"],"duration":53,"failing":false,"failureDetails":[],"failureMessages":[],"fullName":"Shifts Routes POST /api/shifts/open opens a shift","invocations":1,"location":null,"numPassingAsserts":3,"retryReasons":[],"startAt":1776686384728,"status":"passed","title":"POST /api/shifts/open opens a shift"},{"ancestorTitles":["Shifts Routes"],"duration":34,"failing":false,"failureDetails":[],"failureMessages":[],"fullName":"Shifts Routes POST /api/shifts/open rejects if shift already open","invocations":1,"location":null,"numPassingAsserts":1,"retryReasons":[],"startAt":1776686384784,"status":"passed","title":"POST /api/shifts/open rejects if shift already open"},{"ancestorTitles":["Shifts Routes"],"duration":18,"failing":false,"failureDetails":[],"failureMessages":[],"fullName":"Shifts Routes GET /api/shifts/current returns the open shift","invocations":1,"location":null,"numPassingAsserts":2,"retryReasons":[],"startAt":1776686384819,"status":"passed","title":"GET /api/shifts/current returns the open shift"},{"ancestorTitles":["Shifts Routes"],"duration":39,"failing":false,"failureDetails":[],"failureMessages":[],"fullName":"Shifts Routes POST /api/shifts/pay-in adds a pay-in transaction","invocations":1,"location":null,"numPassingAsserts":2,"retryReasons":[],"startAt":1776686384837,"status":"passed","title":"POST /api/shifts/pay-in adds a pay-in transaction"},{"ancestorTitles":["Shifts Routes"],"duration":40,"failing":false,"failureDetails":[],"failureMessages":[],"fullName":"Shifts Routes POST /api/shifts/pay-out adds a pay-out transaction","invocations":1,"location":null,"numPassingAsserts":2,"retryReasons":[],"startAt":1776686384876,"status":"passed","title":"POST /api/shifts/pay-out adds a pay-out transaction"},{"ancestorTitles":["Shifts Routes"],"duration":72,"failing":false,"failureDetails":[],"failureMessages":[],"fullName":"Shifts Routes GET /api/shifts/:id/report returns metrics","invocations":1,"location":null,"numPassingAsserts":4,"retryReasons":[],"startAt":1776686384916,"status":"passed","title":"GET /api/shifts/:id/report returns metrics"},{"ancestorTitles":["Shifts Routes"],"duration":39,"failing":false,"failureDetails":[],"failureMessages":[],"fullName":"Shifts Routes POST /api/shifts/close closes the shift","invocations":1,"location":null,"numPassingAsserts":2,"retryReasons":[],"startAt":1776686384988,"status":"passed","title":"POST /api/shifts/close closes the shift"}],"endTime":1776686385028,"message":"","name":"C:\\Users\\M7mod Hegazy\\Desktop\\asd\\django\\Retailer\\server\\tests\\shifts.test.js","startTime":1776686384393,"status":"passed","summary":""},{"assertionResults":[{"ancestorTitles":["schema conformance"],"duration":27,"failing":false,"failureDetails":[],"failureMessages":[],"fullName":"schema conformance creates all core spec tables","invocations":1,"location":null,"numPassingAsserts":29,"retryReasons":[],"startAt":1776686387157,"status":"passed","title":"creates all core spec tables"},{"ancestorTitles":["schema conformance"],"duration":18,"failing":false,"failureDetails":[],"failureMessages":[],"fullName":"schema conformance contains key columns required by setup/auth/help flows","invocations":1,"location":null,"numPassingAsserts":4,"retryReasons":[],"startAt":1776686387184,"status":"passed","title":"contains key columns required by setup/auth/help flows"},{"ancestorTitles":["schema conformance"],"duration":12,"failing":false,"failureDetails":[],"failureMessages":[],"fullName":"schema conformance contains important operational indexes","invocations":1,"location":null,"numPassingAsserts":1,"retryReasons":[],"startAt":1776686387202,"status":"passed","title":"contains important operational indexes"}],"endTime":1776686387215,"message":"","name":"C:\\Users\\M7mod Hegazy\\Desktop\\asd\\django\\Retailer\\server\\tests\\schemaConformance.test.js","startTime":1776686386442,"status":"passed","summary":""}],"wasInterrupted":false,"coverageMap":{"C:\\Users\\M7mod Hegazy\\Desktop\\asd\\django\\Retailer\\server\\src\\config\\database.js":{"path":"C:\\Users\\M7mod Hegazy\\Desktop\\asd\\django\\Retailer\\server\\src\\config\\database.js","statementMap":{"0":{"start":{"line":1,"column":13},"end":{"line":1,"column":28}},"1":{"start":{"line":2,"column":25},"end":{"line":2,"column":63}},"2":{"start":{"line":4,"column":17},"end":{"line":4,"column":21}},"3":{"start":{"line":7,"column":2},"end":{"line":11,"column":3}},"4":{"start":{"line":9,"column":6},"end":{"line":9,"column":90}},"5":{"start":{"line":10,"column":4},"end":{"line":10,"column":40}},"6":{"start":{"line":12,"column":2},"end":{"line":12,"column":20}},"7":{"start":{"line":16,"column":2},"end":{"line":16,"column":18}},"8":{"start":{"line":20,"column":2},"end":{"line":20,"column":72}},"9":{"start":{"line":20,"column":19},"end":{"line":20,"column":72}},"10":{"start":{"line":21,"column":2},"end":{"line":21,"column":20}},"11":{"start":{"line":24,"column":0},"end":{"line":24,"column":42}}},"fnMap":{"0":{"name":"initDb","decl":{"start":{"line":6,"column":9},"end":{"line":6,"column":15}},"loc":{"start":{"line":6,"column":28},"end":{"line":13,"column":1}},"line":6},"1":{"name":"setDb","decl":{"start":{"line":15,"column":9},"end":{"line":15,"column":14}},"loc":{"start":{"line":15,"column":19},"end":{"line":17,"column":1}},"line":15},"2":{"name":"getDb","decl":{"start":{"line":19,"column":9},"end":{"line":19,"column":14}},"loc":{"start":{"line":19,"column":17},"end":{"line":22,"column":1}},"line":19}},"branchMap":{"0":{"loc":{"start":{"line":7,"column":2},"end":{"line":11,"column":3}},"type":"if","locations":[{"start":{"line":7,"column":2},"end":{"line":11,"column":3}},{"start":{},"end":{}}],"line":7},"1":{"loc":{"start":{"line":9,"column":6},"end":{"line":9,"column":90}},"type":"binary-expr","locations":[{"start":{"line":9,"column":6},"end":{"line":9,"column":16}},{"start":{"line":9,"column":20},"end":{"line":9,"column":39}},{"start":{"line":9,"column":43},"end":{"line":9,"column":90}}],"line":9},"2":{"loc":{"start":{"line":20,"column":2},"end":{"line":20,"column":72}},"type":"if","locations":[{"start":{"line":20,"column":2},"end":{"line":20,"column":72}},{"start":{},"end":{}}],"line":20}},"s":{"0":27,"1":27,"2":27,"3":66,"4":66,"5":66,"6":66,"7":39,"8":162,"9":0,"10":162,"11":27},"f":{"0":66,"1":39,"2":162},"b":{"0":[66,0],"1":[66,27,27],"2":[0,162]},"_coverageSchema":"1a1c01bbd47fc00a2c39e90264f33305004495a9","hash":"51afd90e6c37ca9f60cc4dc2873fbb194bb70b17"},"C:\\Users\\M7mod Hegazy\\Desktop\\asd\\django\\Retailer\\server\\src\\app.js":{"path":"C:\\Users\\M7mod Hegazy\\Desktop\\asd\\django\\Retailer\\server\\src\\app.js","statementMap":{"0":{"start":{"line":1,"column":16},"end":{"line":1,"column":34}},"1":{"start":{"line":2,"column":15},"end":{"line":2,"column":32}},"2":{"start":{"line":3,"column":13},"end":{"line":3,"column":28}},"3":{"start":{"line":4,"column":18},"end":{"line":4,"column":47}},"4":{"start":{"line":5,"column":19},"end":{"line":5,"column":50}},"5":{"start":{"line":6,"column":23},"end":{"line":6,"column":58}},"6":{"start":{"line":7,"column":24},"end":{"line":7,"column":60}},"7":{"start":{"line":8,"column":20},"end":{"line":8,"column":52}},"8":{"start":{"line":9,"column":25},"end":{"line":9,"column":62}},"9":{"start":{"line":10,"column":20},"end":{"line":10,"column":52}},"10":{"start":{"line":11,"column":24},"end":{"line":11,"column":60}},"11":{"start":{"line":12,"column":24},"end":{"line":12,"column":60}},"12":{"start":{"line":13,"column":25},"end":{"line":13,"column":62}},"13":{"start":{"line":14,"column":25},"end":{"line":14,"column":62}},"14":{"start":{"line":15,"column":20},"end":{"line":15,"column":52}},"15":{"start":{"line":16,"column":20},"end":{"line":16,"column":52}},"16":{"start":{"line":17,"column":24},"end":{"line":17,"column":60}},"17":{"start":{"line":18,"column":21},"end":{"line":18,"column":54}},"18":{"start":{"line":19,"column":23},"end":{"line":19,"column":58}},"19":{"start":{"line":20,"column":24},"end":{"line":20,"column":60}},"20":{"start":{"line":21,"column":29},"end":{"line":21,"column":70}},"21":{"start":{"line":22,"column":23},"end":{"line":22,"column":58}},"22":{"start":{"line":23,"column":22},"end":{"line":23,"column":56}},"23":{"start":{"line":24,"column":27},"end":{"line":24,"column":66}},"24":{"start":{"line":25,"column":23},"end":{"line":25,"column":58}},"25":{"start":{"line":26,"column":23},"end":{"line":26,"column":58}},"26":{"start":{"line":27,"column":20},"end":{"line":27,"column":52}},"27":{"start":{"line":28,"column":25},"end":{"line":28,"column":62}},"28":{"start":{"line":29,"column":21},"end":{"line":29,"column":54}},"29":{"start":{"line":30,"column":28},"end":{"line":30,"column":68}},"30":{"start":{"line":31,"column":25},"end":{"line":31,"column":62}},"31":{"start":{"line":32,"column":19
[...]
rt":{"line":28,"column":4},"end":{"line":28,"column":43}},"19":{"start":{"line":29,"column":4},"end":{"line":29,"column":33}},"20":{"start":{"line":31,"column":4},"end":{"line":31,"column":90}},"21":{"start":{"line":33,"column":4},"end":{"line":33,"column":14}},"22":{"start":{"line":38,"column":0},"end":{"line":45,"column":3}},"23":{"start":{"line":39,"column":2},"end":{"line":44,"column":3}},"24":{"start":{"line":40,"column":21},"end":{"line":40,"column":117}},"25":{"start":{"line":41,"column":4},"end":{"line":41,"column":48}},"26":{"start":{"line":43,"column":4},"end":{"line":43,"column":14}},"27":{"start":{"line":47,"column":0},"end":{"line":47,"column":24}}},"fnMap":{"0":{"name":"(anonymous_0)","decl":{"start":{"line":11,"column":24},"end":{"line":11,"column":25}},"loc":{"start":{"line":11,"column":44},"end":{"line":18,"column":1}},"line":11},"1":{"name":"(anonymous_1)","decl":{"start":{"line":20,"column":53},"end":{"line":20,"column":54}},"loc":{"start":{"line":20,"column":73},"end":{"line":35,"column":1}},"line":20},"2":{"name":"(anonymous_2)","decl":{"start":{"line":38,"column":24},"end":{"line":38,"column":25}},"loc":{"start":{"line":38,"column":44},"end":{"line":45,"column":1}},"line":38}},"branchMap":{"0":{"loc":{"start":{"line":22,"column":4},"end":{"line":22,"column":104}},"type":"if","locations":[{"start":{"line":22,"column":4},"end":{"line":22,"column":104}},{"start":{},"end":{}}],"line":22}},"s":{"0":19,"1":19,"2":19,"3":19,"4":19,"5":19,"6":19,"7":19,"8":19,"9":0,"10":0,"11":0,"12":0,"13":19,"14":0,"15":0,"16":0,"17":0,"18":0,"19":0,"20":0,"21":0,"22":19,"23":0,"24":0,"25":0,"26":0,"27":19},"f":{"0":0,"1":0,"2":0},"b":{"0":[0,0]},"_coverageSchema":"1a1c01bbd47fc00a2c39e90264f33305004495a9","hash":"df08fa753040e8a0123554464b8ba21012e4868b"},"C:\\Users\\M7mod Hegazy\\Desktop\\asd\\django\\Retailer\\server\\src\\services\\backupService.js":{"path":"C:\\Users\\M7mod Hegazy\\Desktop\\asd\\django\\Retailer\\server\\src\\services\\backupService.js","statementMap":{"0":{"start":{"line":1,"column":11},"end":{"line":1,"column":24}},"1":{"start":{"line":2,"column":13},"end":{"line":2,"column":28}},"2":{"start":{"line":3,"column":18},"end":{"line":3,"column":47}},"3":{"start":{"line":6,"column":14},"end":{"line":6,"column":93}},"4":{"start":{"line":6,"column":71},"end":{"line":6,"column":92}},"5":{"start":{"line":7,"column":2},"end":{"line":9,"column":3}},"6":{"start":{"line":8,"column":4},"end":{"line":8,"column":55}},"7":{"start":{"line":10,"column":2},"end":{"line":10,"column":18}},"8":{"start":{"line":14,"column":13},"end":{"line":14,"column":20}},"9":{"start":{"line":15,"column":17},"end":{"line":15,"column":41}},"10":{"start":{"line":16,"column":19},"end":{"line":16,"column":89}},"11":{"start":{"line":17,"column":24},"end":{"line":17,"column":71}},"12":{"start":{"line":18,"column":20},"end":{"line":18,"column":72}},"13":{"start":{"line":20,"column":2},"end":{"line":22,"column":3}},"14":{"start":{"line":21,"column":4},"end":{"line":21,"column":49}},"15":{"start":{"line":24,"column":20},"end":{"line":24,"column":66}},"16":{"start":{"line":25,"column":15},"end":{"line":25,"column":70}},"17":{"start":{"line":27,"column":2},"end":{"line":27,"column":40}},"18":{"start":{"line":28,"column":2},"end":{"line":28,"column":32}},"19":{"start":{"line":30,"column":2},"end":{"line":30,"column":14}},"20":{"start":{"line":33,"column":0},"end":{"line":33,"column":57}}},"fnMap":{"0":{"name":"resolveCurrentDbPath","decl":{"start":{"line":5,"column":9},"end":{"line":5,"column":29}},"loc":{"start":{"line":5,"column":34},"end":{"line":11,"column":1}},"line":5},"1":{"name":"(anonymous_1)","decl":{"start":{"line":6,"column":60},"end":{"line":6,"column":61}},"loc":{"start":{"line":6,"column":71},"end":{"line":6,"column":92}},"line":6},"2":{"name":"performBackup","decl":{"start":{"line":13,"column":9},"end":{"line":13,"column":22}},"loc":{"start":{"line":13,"column":25},"end":{"line":31,"column":1}},"line":13}},"branchMap":{"0":{"loc":{"start":{"line":7,"column":2},"end":{"line":9,"column":3}},"type":"if","locations":[{"start":{"line":7,"column":2},"end":{"line":9,"column":3}},{"start":{},"end":{}}],"line":7},"1":{"loc":{"start":{"line":17,"column":31},"end":{"line":17,"column":63}},"type":"binary-expr","locations":[{"start":{"line":17,"column":31},"end":{"line":17,"column":57}},{"start":{"line":17,"column":61},"end":{"line":17,"column":63}}],"line":17},"2":{"loc":{"start":{"line":18,"column":20},"end":{"line":18,"column":72}},"type":"binary-expr","locations":[{"start":{"line":18,"column":20},"end":{"line":18,"column":33}},{"start":{"line":18,"column":37},"end":{"line":18,"column":72}}],"line":18},"3":{"loc":{"start":{"line":20,"column":2},"end":{"line":22,"column":3}},"type":"if","locations":[{"start":{"line":20,"column":2},"end":{"line":22,"column":3}},{"start":{},"end":{}}],"line":20}},"s":{"0":20,"1":20,"2":20,"3":2,"4":2,"5":2,"6":0,"7":2,"8":1,"9":1,"10":1,"11":1,"12":1,"13":1,"14":1,"15":1,"16":1,"17":1,"18":1,"19":1,"20":20},"f":{"0":2,"1":2,"2":1},"b":{"0":[0,2],"1":[1,0],"2":[1,0],"3":[1,0]},"_coverageSchema":"1a1c01bbd47fc00a2c39e90264f33305004495a9","hash":"54595f7d69c07253afa6f1d01d32cfe281dfd22c"},"C:\\Users\\M7mod Hegazy\\Desktop\\asd\\django\\Retailer\\server\\src\\routes\\search.routes.js":{"path":"C:\\Users\\M7mod Hegazy\\Desktop\\asd\\django\\Retailer\\server\\src\\routes\\search.routes.js","statementMap":{"0":{"start":{"line":1,"column":16},"end":{"line":1,"column":34}},"1":{"start":{"line":2,"column":18},"end":{"line":2,"column":47}},"2":{"start":{"line":4,"column":15},"end":{"line":4,"column":31}},"3":{"start":{"line":6,"column":0},"end":{"line":33,"column":3}},"4":{"start":{"line":7,"column":2},"end":{"line":32,"column":3}},"5":{"start":{"line":8,"column":15},"end":{"line":8,"column":22}},"6":{"start":{"line":9,"column":18},"end":{"line":9,"column":35}},"7":{"start":{"line":10,"column":4},"end":{"line":12,"column":5}},"8":{"start":{"line":11,"column":6},"end":{"line":11,"column":51}},"9":{"start":{"line":14,"column":22},"end":{"line":14,"column":34}},"10":{"start":{"line":15,"column":20},"end":{"line":15,"column":22}},"11":{"start":{"line":18,"column":18},"end":{"line":18,"column":174}},"12":{"start":{"line":19,"column":4},"end":{"line":19,"column":82}},"13":{"start":{"line":19,"column":36},"end":{"line":19,"column":78}},"14":{"start":{"line":22,"column":22},"end":{"line":22,"column":182}},"15":{"start":{"line":23,"column":4},"end":{"line":23,"column":90}},"16":{"start":{"line":23,"column":40},"end":{"line":23,"column":86}},"17":{"start":{"line":26,"column":21},"end":{"line":26,"column":164}},"18":{"start":{"line":27,"column":4},"end":{"line":27,"column":73}},"19":{"start":{"line":27,"column":39},"end":{"line":27,"column":69}},"20":{"start":{"line":29,"column":4},"end":{"line":29,"column":47}},"21":{"start":{"line":31,"column":4},"end":{"line":31,"column":14}},"22":{"start":{"line":35,"column":0},"end":{"line":35,"column":24}}},"fnMap":{"0":{"name":"(anonymous_0)","decl":{"start":{"line":6,"column":16},"end":{"line":6,"column":17}},"loc":{"start":{"line":6,"column":36},"end":{"line":33,"column":1}},"line":6},"1":{"name":"(anonymous_1)","decl":{"start":{"line":19,"column":30},"end":{"line":19,"column":31}},"loc":{"start":{"line":19,"column":36},"end":{"line":19,"column":78}},"line":19},"2":{"name":"(anonymous_2)","decl":{"start":{"line":23,"column":34},"end":{"line":23,"column":35}},"loc":{"start":{"line":23,"column":40},"end":{"line":23,"column":86}},"line":23},"3":{"name":"(anonymous_3)","decl":{"start":{"line":27,"column":33},"end":{"line":27,"column":34}},"loc":{"start":{"line":27,"column":39},"end":{"line":27,"column":69}},"line":27}},"branchMap":{"0":{"loc":{"start":{"line":9,"column":18},"end":{"line":9,"column":35}},"type":"binary-expr","locations":[{"start":{"line":9,"column":18},"end":{"line":9,"column":29}},{"start":{"line":9,"column":33},"end":{"line":9,"column":35}}],"line":9},"1":{"loc":{"start":{"line":10,"column":4},"end":{"line":12,"column":5}},"type":"if","locations":[{"start":{"line":10,"column":4},"end":{"line":12,"column":5}},{"start":{},"end":{}}],"line":10}},"s":{"0":19,"1":19,"2":19,"3":19,"4":0,"5":0,"6":0,"7":0,"8":0,"9":0,"10":0,"11":0,"12":0,"13":0,"14":0,"15":0,"16":0,"17":0,"18":0,"19":0,"20":0,"21":0,"22":19},"f":{"0":0,"1":0,"2":0,"3":0},"b":{"0":[0,0],"1":[0,0]},"_coverageSchema":"1a1c01bbd47fc00a2c39e90264f33305004495a9","hash":"1f718b50f440901828a11c848f195f59b07b9c97"},"C:\\Users\\M7mod Hegazy\\Desktop\\asd\\django\\Retailer\\server\\src\\routes\\loyalty.routes.js":{"path":"C:\\Users\\M7mod Hegazy\\Desktop\\asd\\django\\Retailer\\server\\src\\routes\\loyalty.routes.js","statementMap":{"0":{"start":{"line":1,"column":16},"end":{"line":1,"column":34}},"1":{"start":{"line":2,"column":18},"end":{"line":2,"column":47}},"2":{"start":{"line":3,"column":38},"end":{"line":3,"column":67}},"3":{"start":{"line":5,"column":15},"end":{"line":5,"column":31}},"4":{"start":{"line":7,"column":0},"end":{"line":7,"column":25}},"5":{"start":{"line":9,"column":0},"end":{"line":38,"column":3}},"6":{"start":{"line":10,"column":2},"end":{"line":37,"column":3}},"7":{"start":{"line":11,"column":15},"end":{"line":11,"column":22}},"8":{"start":{"line":12,"column":54},"end":{"line":12,"column":62}},"9":{"start":{"line":14,"column":4},"end":{"line":32,"column":9}},"10":{"start":{"line":15,"column":23},"end":{"line":15,"column":103}},"11":{"start":{"line":16,"column":6},"end":{"line":18,"column":7}},"12":{"start":{"line":17,"column":8},"end":{"line":17,"column":48}},"13":{"start":{"line":20,"column":25},"end":{"line":20,"column":57}},"14":{"start":{"line":21,"column":6},"end":{"line":21,"column":102}},"15":{"start":{"line":23,"column":6},"end":{"line":31,"column":8}},"16":{"start":{"line":34,"column":4},"end":{"line":34,"column":32}},"17":{"start":{"line":36,"column":4},"end":{"line":36,"column":16}},"18":{"start":{"line":40,"column":0},"end":{"line":72,"column":3}},"19":{"start":{"line":41,"column":2},"end":{"line":71,"column":3}},"20":{"start":{"line":42,"column":15},"end":{"line":42,"column":22}},"21":{"start":{"line":43,"column":48},"end":{"line":43,"column":56}},"22":{"start":{"line":46,"column":16},"end":{"line":46,"column":30}},"23":{"start":{"line":47,"column":4},"end":{"line":49,"column":5}},"24":{"start":{"line":48,"column":7},"end":{"line":48,"column":51}},"25":{"start":{"line":51,"column":4},"end":{"line":66,"column":9}},"26":{"start":{"line":52,"column":23},"end":{"line":52,"column":103}},"27":{"start":{"line":53,"column":6},"end":{"line":53,"column":57}},"28":{"start":{"line":53,"column":21},"end":{"line":53,"column":57}},"29":{"start":{"line":55,"column":25},"end":{"line":55,"column":69}},"30":{"start":{"line":56,"column":6},"end":{"line":56,"column":102}},"31":{"start":{"line":58,"column":6},"end":{"line":65,"column":8}},"32":{"start":{"line":68,"column":4},"end":{"line":68,"column":32}},"33":{"start":{"line":70,"column":4},"end":{"line":70,"column":16}},"34":{"start":{"line":74,"column":0},"end":{"line":92,"column":3}},"35":{"start":{"line":75,"column":2},"end":{"line":91,"column":3}},"36":{"start":{"line":76,"column":15},"end":{"line":76,"column":22}},"37":{"start":{"line":77,"column":29},"end":{"line":77,"column":106}},"38":{"start":{"line":78,"column":26},"end":{"line":78,"column":140}},"39":{"start":{"line":79,"column":24},"end":{"line":79,"column":168}},"40":{"start":{"line":81,"column":4},"end":{"line":88,"column":7}},"41":{"start":{"line":90,"column":4},"end":{"line":90,"column":12}},"42":{"start":{"line":94,"column":0},"end":{"line":94,"column":24}}},"fnMap":{"0":{"name":"(anonymous_0)","decl":{"start":{"line":9,"column":23},"end":{"line":9,"column":24}},"loc":{"start":{"line":9,"column":43},"end":{"line":38,"column":1}},"line":9},"1":{"name":"(anonymous_1)","decl":{"start":{"line":14,"column":19},"end":{"line":14,"column":20}},"loc":{"start":{"line":14,"column":25},"end":{"line":32,"column":5}},"line":14},"2":{"name":"(anonymous_2)","decl":{"start":{"line":40,"column":45},"end":{"line":40,"column":46}},"loc":{"start":{"line":40,"column":65},"end":{"line":72,"column":1}},"line":40},"3":{"name":"(anonymous_3)","decl":{"start":{"line":51,"column":19},"end":{"line":51,"column":20}},"loc":{"start":{"line":51,"column":25},"end":{"line":66,"column":5}},"line":51},"4":{"name":"(anonymous_4)","decl":{"start":{"line":74,"column":44},"end":{"line":74,"column":45}},"loc":{"start":{"line":74,"column":64},"end":{"line":92,"column":1}},"line":74}},"branchMap":{"0":{"loc":{"start":{"line":16,"column":6},"end":{"line":18,"column":7}},"type":"if","locations":[{"start":{"line":16,"column":6},"end":{"line":18,"column":7}},{"start":{},"end":{}}],"line":16},"1":{"loc":{"start":{"line":16,"column":10},"end":{"line":16,"column":55}},"type":"binary-expr","locations":[{"start":{"line":16,"column":10},"end":{"line":16,"column":19}},{"start":{"line":16,"column":23},"end":{"line":16,"column":55}}],"line":16},"2":{"loc":{"start":{"line":25,"column":8},"end":{"line":25,"column":26}},"type":"binary-expr","locations":[{"start":{"line":25,"column":8},"end":{"line":25,"column":18}},{"start":{"line":25,"column":22},"end":{"line":25,"column":26}}],"line":25},"3":{"loc":{"start":{"line":29,"column":8},"end":{"line":29,"column":28}},"type":"binary-expr","locations":[{"start":{"line":29,"column":8},"end":{"line":29,"column":12}},{"start":{"line":29,"column":16},"end":{"line":29,"column":28}}],"line":29},"4":{"loc":{"start":{"line":30,"column":8},"end":{"line":30,"column":25}},"type":"binary-expr","locations":[{"start":{"line":30,"column":8},"end":{"line":30,"column":20}},{"start":{"line":30,"column":24},"end":{"line":30,"column":25}}],"line":30},"5":{"loc":{"start":{"line":47,"column":4},"end":{"line":49,"column":5}},"type":"if","locations":[{"start":{"line":47,"column":4},"end":{"line":49,"column":5}},{"start":{},"end":{}}],"line":47},"6":{"loc":{"start":{"line":53,"column":6},"end":{"line":53,"column":57}},"type":"if","locations":[{"start":{"line":53,"column":6},"end":{"line":53,"column":57}},{"start":{},"end":{}}],"line":53},"7":{"loc":{"start":{"line":63,"column":8},"end":{"line":63,"column":34}},"type":"binary-expr","locations":[{"start":{"line":63,"column":8},"end":{"line":63,"column":12}},{"start":{"line":63,"column":16},"end":{"line":63,"column":34}}],"line":63},"8":{"loc":{"start":{"line":64,"column":8},"end":{"line":64,"column":25}},"type":"binary-expr","locations":[{"start":{"line":64,"column":8},"end":{"line":64,"column":20}},{"start":{"line":64,"column":24},"end":{"line":64,"column":25}}],"line":64},"9":{"loc":{"start":{"line":77,"column":29},"end":{"line":77,"column":106}},"type":"binary-expr","locations":[{"start":{"line":77,"column":29},"end":{"line":77,"column":101}},{"start":{"line":77,"column":105},"end":{"line":77,"column":106}}],"line":77},"10":{"loc":{"start":{"line":78,"column":26},"end":{"line":78,"column":140}},"type":"binary-expr","locations":[{"start":{"line":78,"column":26},"end":{"line":78,"column":135}},{"start":{"line":78,"column":139},"end":{"line":78,"column":140}}],"line":78},"11":{"loc":{"start":{"line":79,"column":24},"end":{"line":79,"column":168}},"type":"binary-expr","locations":[{"start":{"line":79,"column":24},"end":{"line":79,"column":163}},{"start":{"line":79,"column":167},"end":{"line":79,"column":168}}],"line":79}},"s":{"0":19,"1":19,"2":19,"3":19,"4":19,"5":19,"6":2,"7":2,"8":2,"9":2,"10":2,"11":2,"12":1,"13":1,"14":1,"15":1,"16":0,"17":2,"18":19,"19":1,"20":1,"21":1,"22":1,"23":1,"24":0,"25":1,"26":1,"27":1,"28":0,"29":1,"30":1,"31":1,"32":0,"33":1,"34":19,"35":1,"36":1,"37":1,"38":1,"39":0,"40":0,"41":1,"42":19},"f":{"0":2,"1":2,"2":1,"3":1,"4":1},"b":{"0":[1,1],"1":[2,2],"2":[0,0],"3":[0,0],"4":[0,0],"5":[0,1],"6":[0,1],"7":[0,0],"8":[0,0],"9":[1,0],"10":[1,0],"11":[0,0]},"_coverageSchema":"1a1c01bbd47fc00a2c39e90264f33305004495a9","hash":"48bfaa79ffbca50454a18d8b5b1e84bdeeda1996"},"C:\\Users\\M7mod Hegazy\\Desktop\\asd\\django\\Retailer\\server\\src\\middleware\\errorHandler.js":{"path":"C:\\Users\\M7mod Hegazy\\Desktop\\asd\\django\\Retailer\\server\\src\\middleware\\errorHandler.js","statementMap":{"0":{"start":{"line":2,"column":17},"end":{"line":2,"column":34}},"1":{"start":{"line":3,"column":2},"end":{"line":7,"column":5}},"2":{"start":{"line":10,"column":0},"end":{"line":10,"column":34}}},"fnMap":{"0":{"name":"errorHandler","decl":{"start":{"line":1,"column":9},"end":{"line":1,"column":21}},"loc":{"start":{"line":1,"column":45},"end":{"line":8,"column":1}},"line":1}},"branchMap":{"0":{"loc":{"start":{"line":2,"column":17},"end":{"line":2,"column":34}},"type":"binary-expr","locations":[{"start":{"line":2,"column":17},"end":{"line":2,"column":27}},{"start":{"line":2,"column":31},"end":{"line":2,"column":34}}],"line":2},"1":{"loc":{"start":{"line":5,"column":10},"end":{"line":5,"column":38}},"type":"binary-expr","locations":[{"start":{"line":5,"column":10},"end":{"line":5,"column":18}},{"start":{"line":5,"column":22},"end":{"line":5,"column":38}}],"line":5},"2":{"loc":{"start":{"line":6,"column":13},"end":{"line":6,"column":47}},"type":"binary-expr","locations":[{"start":{"line":6,"column":13},"end":{"line":6,"column":24}},{"start":{"line":6,"column":28},"end":{"line":6,"column":47}}],"line":6}},"s":{"0":25,"1":25,"2":19},"f":{"0":25},"b":{"0":[25,5],"1":[25,21],"2":[25,0]},"_coverageSchema":"1a1c01bbd47fc00a2c39e90264f33305004495a9","hash":"4892861f452c6288c092cdb2c43ca3eb4e329ff5"},"C:\\Users\\M7mod Hegazy\\Desktop\\asd\\django\\Retailer\\server\\src\\utils\\currencyMath.js":{"path":"C:\\Users\\M7mod Hegazy\\Desktop\\asd\\django\\Retailer\\server\\src\\utils\\currencyMath.js","statementMap":{"0":{"start":{"line":2,"column":2},"end":{"line":2,"column":76}},"1":{"start":{"line":2,"column":32},"end":{"line":2,"column":76}},"2":{"start":{"line":5,"column":21},"end":{"line":5,"column":34}},"3":{"start":{"line":5,"column":35},"end":{"line":5,"column":48}},"4":{"start":{"line":5,"column":49},"end":{"line":5,"column":62}},"5":{"start":{"line":6,"column":26},"end":{"line":6,"column":39}},"6":{"start":{"line":6,"column":40},"end":{"line":6,"column":53}},"7":{"start":{"line":6,"column":54},"end":{"line":6,"column":67}},"8":{"start":{"line":7,"column":26},"end":{"line":7,"column":39}},"9":{"start":{"line":7,"column":40},"end":{"line":7,"column":53}},"10":{"start":{"line":7,"column":54},"end":{"line":7,"column":67}},"11":{"start":{"line":8,"column":29},"end":{"line":8,"column":46}},"12":{"start":{"line":8,"column":47},"end":{"line":8,"column":60}},"13":{"start":{"line":8,"column":61},"end":{"line":8,"column":98}},"14":{"start":{"line":10,"column":0},"end":{"line":10,"column":54}}},"fnMap":{"0":{"name":"assertInt","decl":{"start":{"line":1,"column":9},"end":{"line":1,"column":18}},"loc":{"start":{"line":1,"column":26},"end":{"line":3,"column":1}},"line":1},"1":{"name":"add","decl":{"start":{"line":5,"column":9},"end":{"line":5,"column":12}},"loc":{"start":{"line":5,"column":19},"end":{"line":5,"column":64}},"line":5},"2":{"name":"subtract","decl":{"start":{"line":6,"column":9},"end":{"line":6,"column":17}},"loc":{"start":{"line":6,"column":24},"end":{"line":6,"column":69}},"line":6},"3":{"name":"multiply","decl":{"start":{"line":7,"column":9},"end":{"line":7,"column":17}},"loc":{"start":{"line":7,"column":24},"end":{"line":7,"column":69}},"line":7},"4":{"name":"percent","decl":{"start":{"line":8,"column":9},"end":{"line":8,"column":16}},"loc":{"start":{"line":8,"column":27},"end":{"line":8,"column":100}},"line":8}},"branchMap":{"0":{"loc":{"start":{"line":2,"column":2},"end":{"line":2,"column":76}},"type":"if","locations":[{"start":{"line":2,"column":2},"end":{"line":2,"column":76}},{"start":{},"end":{}}],"line":2}},"s":{"0":8,"1":0,"2":1,"3":1,"4":1,"5":1,"6":1,"7":1,"8":1,"9":1,"10":1,"11":1,"12":1,"13":1,"14":1},"f":{"0":8,"1":1,"2":1,"3":1,"4":1},"b":{"0":[0,8]},"_coverageSchema":"1a1c01bbd47fc00a2c39e90264f33305004495a9","hash":"9c8578284b28af8266e8ba80291972fd7271c1fd"}}}
